<?xml version="1.0" encoding="utf-8"?>
<TestRun id="a490833f-f4bb-4fc6-a505-61e8116b59cd" name="jlelo@PC-FIXE-JEAN 2026-03-05 09:05:31" runUser="PC-FIXE-JEAN\jlelo" xmlns="http://microsoft.com/schemas/VisualStudio/TeamTest/2010">
  <Times creation="2026-03-05T09:05:31.1189655+01:00" queuing="2026-03-05T09:05:31.1189658+01:00" start="2026-03-05T09:05:28.3085455+01:00" finish="2026-03-05T09:05:31.1247247+01:00" />
  <TestSettings name="default" id="03dbb42d-8eb1-4c5a-b111-e5368c68e34a">
    <Deployment runDeploymentRoot="jlelo_PC-FIXE-JEAN_2026-03-05_09_05_31" />
  </TestSettings>
  <Results>
    <UnitTestResult executionId="77986f35-5af7-4bd1-9858-e133b3a8541f" testId="701c32bb-b28c-e1c2-9c86-f8f2878c019e" testName="PocCollabEditor.Server.Integration.Tests.Auth.AdminApiTests.GET_admin_users_WithAdminToken_Returns200WithUserList" computerName="PC-FIXE-JEAN" duration="00:00:01.8568838" startTime="2026-03-05T09:05:28.9429736+01:00" endTime="2026-03-05T09:05:30.8099129+01:00" testType="13cdc9d9-ddb5-4fa4-a97d-d965ccfc6d4b" outcome="Failed" testListId="8c84fa94-04c1-424b-9868-57a2d4851a1d" relativeResultsDirectory="77986f35-5af7-4bd1-9858-e133b3a8541f">
      <Output>
        <ErrorInfo>
          <Message>Expected response.StatusCode to be HttpStatusCode.OK {value: 200}, but found HttpStatusCode.Unauthorized {value: 401}.</Message>
          <StackTrace>   at FluentAssertions.Execution.LateBoundTestFramework.Throw(String message)&#xD;
   at FluentAssertions.Execution.DefaultAssertionStrategy.HandleFailure(String message)&#xD;
   at FluentAssertions.Execution.AssertionScope.AddPreFormattedFailure(String formattedFailureMessage)&#xD;
   at FluentAssertions.Execution.AssertionChain.FailWith(Func`1 getFailureReason)&#xD;
   at FluentAssertions.Execution.AssertionChain.FailWith(Func`1 getFailureReason)&#xD;
   at FluentAssertions.Execution.AssertionChain.FailWith(String message, Object[] args)&#xD;
   at FluentAssertions.Primitives.EnumAssertions`2.Be(TEnum expected, String because, Object[] becauseArgs)&#xD;
   at PocCollabEditor.Server.Integration.Tests.Auth.AdminApiTests.GET_admin_users_WithAdminToken_Returns200WithUserList() in C:\Users\jlelo\Downloads\poc_obsidian\tests\Server.Integration.Tests\Auth\AdminApiTests.cs:line 58&#xD;
--- End of stack trace from previous location ---</StackTrace>
        </ErrorInfo>
      </Output>
    </UnitTestResult>
  </Results>
  <TestDefinitions>
    <UnitTest name="PocCollabEditor.Server.Integration.Tests.Auth.AdminApiTests.GET_admin_users_WithAdminToken_Returns200WithUserList" storage="c:\users\jlelo\downloads\poc_obsidian\tests\server.integration.tests\bin\debug\net10.0\server.integration.tests.dll" id="701c32bb-b28c-e1c2-9c86-f8f2878c019e">
      <Execution id="77986f35-5af7-4bd1-9858-e133b3a8541f" />
      <TestMethod codeBase="C:\Users\jlelo\Downloads\poc_obsidian\tests\Server.Integration.Tests\bin\Debug\net10.0\Server.Integration.Tests.dll" adapterTypeName="executor://xunit/VsTestRunner3/netcore/" className="PocCollabEditor.Server.Integration.Tests.Auth.AdminApiTests" name="GET_admin_users_WithAdminToken_Returns200WithUserList" />
    </UnitTest>
  </TestDefinitions>
  <TestEntries>
    <TestEntry testId="701c32bb-b28c-e1c2-9c86-f8f2878c019e" executionId="77986f35-5af7-4bd1-9858-e133b3a8541f" testListId="8c84fa94-04c1-424b-9868-57a2d4851a1d" />
  </TestEntries>
  <TestLists>
    <TestList name="Les résultats ne figurent pas dans une liste" id="8c84fa94-04c1-424b-9868-57a2d4851a1d" />
    <TestList name="Tous les résultats chargés" id="19431567-8539-422a-85d7-44ee4e166bda" />
  </TestLists>
  <ResultSummary outcome="Failed">
    <Counters total="1" executed="1" passed="0" failed="1" error="0" timeout="0" aborted="0" inconclusive="0" passedButRunAborted="0" notRunnable="0" notExecuted="0" disconnected="0" warning="0" completed="0" inProgress="0" pending="0" />
    <Output>
      <StdOut>[xUnit.net 00:00:00.00] xUnit.net VSTest Adapter v3.1.5+1b188a7b0a (64-bit .NET 10.0.3)&#xD;
[xUnit.net 00:00:00.08]   Discovering: Server.Integration.Tests&#xD;
[xUnit.net 00:00:00.11]   Discovered:  Server.Integration.Tests&#xD;
[xUnit.net 00:00:00.14]   Starting:    Server.Integration.Tests&#xD;
dbug: Microsoft.EntityFrameworkCore.Infrastructure[10401]&#xD;
      An 'IServiceProvider' was created for internal use by Entity Framework.&#xD;
dbug: Microsoft.EntityFrameworkCore.Model[10601]&#xD;
      The index {'UserId'} was not created on entity type 'IdentityUserRole&lt;string&gt;' as the properties are already covered by the index {'UserId', 'RoleId'}.&#xD;
dbug: Microsoft.EntityFrameworkCore.Model[10601]&#xD;
      The index {'UserId'} was not created on entity type 'IdentityUserToken&lt;string&gt;' as the properties are already covered by the index {'UserId', 'LoginProvider', 'Name'}.&#xD;
dbug: Microsoft.EntityFrameworkCore.Model[10601]&#xD;
      The index {'VaultId'} was not created on entity type 'DocumentEntity' as the properties are already covered by the index {'VaultId', 'DeletedAt'}.&#xD;
dbug: Microsoft.EntityFrameworkCore.Model[10601]&#xD;
      The index {'VaultId'} was not created on entity type 'DocumentEntity' as the properties are already covered by the index {'VaultId', 'Path'}.&#xD;
dbug: Microsoft.EntityFrameworkCore.Model[10601]&#xD;
      The index {'VaultId'} was not created on entity type 'FolderEntity' as the properties are already covered by the index {'VaultId', 'Path'}.&#xD;
dbug: Microsoft.EntityFrameworkCore.Model[10601]&#xD;
      The index {'VaultId'} was not created on entity type 'VaultMemberEntity' as the properties are already covered by the index {'VaultId', 'UserId'}.&#xD;
dbug: Microsoft.EntityFrameworkCore.Infrastructure[10403]&#xD;
      Entity Framework Core 10.0.3 initialized 'AppDbContext' using provider 'Microsoft.EntityFrameworkCore.Sqlite:10.0.3' with options: None&#xD;
dbug: Microsoft.EntityFrameworkCore.Database.Connection[20005]&#xD;
      Creating DbConnection.&#xD;
dbug: Microsoft.EntityFrameworkCore.Database.Connection[20006]&#xD;
      Created DbConnection. (8ms).&#xD;
dbug: Microsoft.EntityFrameworkCore.Migrations[20400]&#xD;
      Migrating using database 'main' on server 'C:\Users\jlelo\AppData\Local\Temp\poc-tests\c6291a70789d4596aab93adbd19a4a43\metadata.db'.&#xD;
dbug: Microsoft.EntityFrameworkCore.Database.Connection[20005]&#xD;
      Creating DbConnection.&#xD;
dbug: Microsoft.EntityFrameworkCore.Database.Connection[20006]&#xD;
      Created DbConnection. (0ms).&#xD;
dbug: Microsoft.EntityFrameworkCore.Database.Connection[20000]&#xD;
      Opening connection to database 'main' on server 'C:\Users\jlelo\AppData\Local\Temp\poc-tests\c6291a70789d4596aab93adbd19a4a43\metadata.db'.&#xD;
dbug: Microsoft.EntityFrameworkCore.Database.Connection[20004]&#xD;
      An error occurred using the connection to database 'main' on server 'C:\Users\jlelo\AppData\Local\Temp\poc-tests\c6291a70789d4596aab93adbd19a4a43\metadata.db'.&#xD;
dbug: Microsoft.EntityFrameworkCore.Database.Connection[20007]&#xD;
      Disposing connection to database 'main' on server 'C:\Users\jlelo\AppData\Local\Temp\poc-tests\c6291a70789d4596aab93adbd19a4a43\metadata.db'.&#xD;
dbug: Microsoft.EntityFrameworkCore.Database.Connection[20008]&#xD;
      Disposed connection to database 'main' on server 'C:\Users\jlelo\AppData\Local\Temp\poc-tests\c6291a70789d4596aab93adbd19a4a43\metadata.db' (0ms).&#xD;
dbug: Microsoft.EntityFrameworkCore.Database.Connection[20000]&#xD;
      Opening connection to database 'main' on server 'C:\Users\jlelo\AppData\Local\Temp\poc-tests\c6291a70789d4596aab93adbd19a4a43\metadata.db'.&#xD;
dbug: Microsoft.EntityFrameworkCore.Database.Connection[20001]&#xD;
      Opened connection to database 'main' on server 'C:\Users\jlelo\AppData\Local\Temp\poc-tests\c6291a70789d4596aab93adbd19a4a43\metadata.db'.&#xD;
dbug: Microsoft.EntityFrameworkCore.Database.Command[20103]&#xD;
      Creating DbCommand for 'ExecuteNonQuery'.&#xD;
dbug: Microsoft.EntityFrameworkCore.Database.Command[20104]&#xD;
      Created DbCommand for 'ExecuteNonQuery' (3ms).&#xD;
dbug: Microsoft.EntityFrameworkCore.Database.Command[20106]&#xD;
      Initialized DbCommand for 'ExecuteNonQuery' (7ms).&#xD;
dbug: Microsoft.EntityFrameworkCore.Database.Command[20100]&#xD;
      Executing DbCommand [Parameters=[], CommandType='Text', CommandTimeout='30']&#xD;
      PRAGMA journal_mode = 'wal';&#xD;
info: Microsoft.EntityFrameworkCore.Database.Command[20101]&#xD;
      Executed DbCommand (12ms) [Parameters=[], CommandType='Text', CommandTimeout='30']&#xD;
      PRAGMA journal_mode = 'wal';&#xD;
dbug: Microsoft.EntityFrameworkCore.Database.Connection[20002]&#xD;
      Closing connection to database 'main' on server 'C:\Users\jlelo\AppData\Local\Temp\poc-tests\c6291a70789d4596aab93adbd19a4a43\metadata.db'.&#xD;
dbug: Microsoft.EntityFrameworkCore.Database.Connection[20003]&#xD;
      Closed connection to database 'main' on server 'C:\Users\jlelo\AppData\Local\Temp\poc-tests\c6291a70789d4596aab93adbd19a4a43\metadata.db' (1ms).&#xD;
dbug: Microsoft.EntityFrameworkCore.Database.Connection[20000]&#xD;
      Opening connection to database 'main' on server 'C:\Users\jlelo\AppData\Local\Temp\poc-tests\c6291a70789d4596aab93adbd19a4a43\metadata.db'.&#xD;
dbug: Microsoft.EntityFrameworkCore.Database.Connection[20001]&#xD;
      Opened connection to database 'main' on server 'C:\Users\jlelo\AppData\Local\Temp\poc-tests\c6291a70789d4596aab93adbd19a4a43\metadata.db'.&#xD;
info: Microsoft.EntityFrameworkCore.Migrations[20411]&#xD;
      Acquiring an exclusive lock for migration application. See https://aka.ms/efcore-docs-migrations-lock for more information if this takes too long.&#xD;
dbug: Microsoft.EntityFrameworkCore.Database.Command[20103]&#xD;
      Creating DbCommand for 'ExecuteScalar'.&#xD;
dbug: Microsoft.EntityFrameworkCore.Database.Command[20104]&#xD;
      Created DbCommand for 'ExecuteScalar' (0ms).&#xD;
dbug: Microsoft.EntityFrameworkCore.Database.Command[20106]&#xD;
      Initialized DbCommand for 'ExecuteScalar' (0ms).&#xD;
dbug: Microsoft.EntityFrameworkCore.Database.Command[20100]&#xD;
      Executing DbCommand [Parameters=[], CommandType='Text', CommandTimeout='30']&#xD;
      SELECT COUNT(*) FROM "sqlite_master" WHERE "name" = '__EFMigrationsLock' AND "type" = 'table';&#xD;
info: Microsoft.EntityFrameworkCore.Database.Command[20101]&#xD;
      Executed DbCommand (4ms) [Parameters=[], CommandType='Text', CommandTimeout='30']&#xD;
      SELECT COUNT(*) FROM "sqlite_master" WHERE "name" = '__EFMigrationsLock' AND "type" = 'table';&#xD;
dbug: Microsoft.EntityFrameworkCore.Database.Command[20103]&#xD;
      Creating DbCommand for 'ExecuteNonQuery'.&#xD;
dbug: Microsoft.EntityFrameworkCore.Database.Command[20104]&#xD;
      Created DbCommand for 'ExecuteNonQuery' (0ms).&#xD;
dbug: Microsoft.EntityFrameworkCore.Database.Command[20106]&#xD;
      Initialized DbCommand for 'ExecuteNonQuery' (0ms).&#xD;
dbug: Microsoft.EntityFrameworkCore.Database.Command[20100]&#xD;
      Executing DbCommand [Parameters=[], CommandType='Text', CommandTimeout='30']&#xD;
      CREATE TABLE IF NOT EXISTS "__EFMigrationsLock" (&#xD;
          "Id" INTEGER NOT NULL CONSTRAINT "PK___EFMigrationsLock" PRIMARY KEY,&#xD;
          "Timestamp" TEXT NOT NULL&#xD;
      );&#xD;
info: Microsoft.EntityFrameworkCore.Database.Command[20101]&#xD;
      Executed DbCommand (4ms) [Parameters=[], CommandType='Text', CommandTimeout='30']&#xD;
      CREATE TABLE IF NOT EXISTS "__EFMigrationsLock" (&#xD;
          "Id" INTEGER NOT NULL CONSTRAINT "PK___EFMigrationsLock" PRIMARY KEY,&#xD;
          "Timestamp" TEXT NOT NULL&#xD;
      );&#xD;
dbug: Microsoft.EntityFrameworkCore.Database.Command[20103]&#xD;
      Creating DbCommand for 'ExecuteScalar'.&#xD;
dbug: Microsoft.EntityFrameworkCore.Database.Command[20104]&#xD;
      Created DbCommand for 'ExecuteScalar' (0ms).&#xD;
dbug: Microsoft.EntityFrameworkCore.Database.Command[20106]&#xD;
      Initialized DbCommand for 'ExecuteScalar' (0ms).&#xD;
dbug: Microsoft.EntityFrameworkCore.Database.Command[20100]&#xD;
      Executing DbCommand [Parameters=[], CommandType='Text', CommandTimeout='30']&#xD;
      INSERT OR IGNORE INTO "__EFMigrationsLock"("Id", "Timestamp") VALUES(1, '2026-03-05 08:05:29.8580149+00:00');&#xD;
      SELECT changes();&#xD;
info: Microsoft.EntityFrameworkCore.Database.Command[20101]&#xD;
      Executed DbCommand (1ms) [Parameters=[], CommandType='Text', CommandTimeout='30']&#xD;
      INSERT OR IGNORE INTO "__EFMigrationsLock"("Id", "Timestamp") VALUES(1, '2026-03-05 08:05:29.8580149+00:00');&#xD;
      SELECT changes();&#xD;
dbug: Microsoft.EntityFrameworkCore.Database.Transaction[20209]&#xD;
      Beginning transaction with isolation level 'Unspecified'.&#xD;
dbug: Microsoft.EntityFrameworkCore.Database.Transaction[20200]&#xD;
      Began transaction with isolation level 'Serializable'.&#xD;
dbug: Microsoft.EntityFrameworkCore.Database.Command[20103]&#xD;
      Creating DbCommand for 'ExecuteNonQuery'.&#xD;
dbug: Microsoft.EntityFrameworkCore.Database.Command[20104]&#xD;
      Created DbCommand for 'ExecuteNonQuery' (0ms).&#xD;
dbug: Microsoft.EntityFrameworkCore.Database.Command[20106]&#xD;
      Initialized DbCommand for 'ExecuteNonQuery' (0ms).&#xD;
dbug: Microsoft.EntityFrameworkCore.Database.Command[20100]&#xD;
      Executing DbCommand [Parameters=[], CommandType='Text', CommandTimeout='30']&#xD;
      CREATE TABLE IF NOT EXISTS "__EFMigrationsHistory" (&#xD;
          "MigrationId" TEXT NOT NULL CONSTRAINT "PK___EFMigrationsHistory" PRIMARY KEY,&#xD;
          "ProductVersion" TEXT NOT NULL&#xD;
      );&#xD;
info: Microsoft.EntityFrameworkCore.Database.Command[20101]&#xD;
      Executed DbCommand (0ms) [Parameters=[], CommandType='Text', CommandTimeout='30']&#xD;
      CREATE TABLE IF NOT EXISTS "__EFMigrationsHistory" (&#xD;
          "MigrationId" TEXT NOT NULL CONSTRAINT "PK___EFMigrationsHistory" PRIMARY KEY,&#xD;
          "ProductVersion" TEXT NOT NULL&#xD;
      );&#xD;
dbug: Microsoft.EntityFrameworkCore.Database.Transaction[20210]&#xD;
      Committing transaction.&#xD;
dbug: Microsoft.EntityFrameworkCore.Database.Transaction[20202]&#xD;
      Committed transaction.&#xD;
dbug: Microsoft.EntityFrameworkCore.Database.Transaction[20204]&#xD;
      Disposing transaction.&#xD;
dbug: Microsoft.EntityFrameworkCore.Database.Transaction[20209]&#xD;
      Beginning transaction with isolation level 'Unspecified'.&#xD;
dbug: Microsoft.EntityFrameworkCore.Database.Transaction[20200]&#xD;
      Began transaction with isolation level 'Serializable'.&#xD;
dbug: Microsoft.EntityFrameworkCore.Database.Connection[20005]&#xD;
      Creating DbConnection.&#xD;
dbug: Microsoft.EntityFrameworkCore.Database.Connection[20006]&#xD;
      Created DbConnection. (0ms).&#xD;
dbug: Microsoft.EntityFrameworkCore.Database.Connection[20000]&#xD;
      Opening connection to database 'main' on server 'C:\Users\jlelo\AppData\Local\Temp\poc-tests\c6291a70789d4596aab93adbd19a4a43\metadata.db'.&#xD;
dbug: Microsoft.EntityFrameworkCore.Database.Connection[20001]&#xD;
      Opened connection to database 'main' on server 'C:\Users\jlelo\AppData\Local\Temp\poc-tests\c6291a70789d4596aab93adbd19a4a43\metadata.db'.&#xD;
dbug: Microsoft.EntityFrameworkCore.Database.Connection[20007]&#xD;
      Disposing connection to database 'main' on server 'C:\Users\jlelo\AppData\Local\Temp\poc-tests\c6291a70789d4596aab93adbd19a4a43\metadata.db'.&#xD;
dbug: Microsoft.EntityFrameworkCore.Database.Connection[20008]&#xD;
      Disposed connection to database 'main' on server 'C:\Users\jlelo\AppData\Local\Temp\poc-tests\c6291a70789d4596aab93adbd19a4a43\metadata.db' (0ms).&#xD;
dbug: Microsoft.EntityFrameworkCore.Database.Command[20103]&#xD;
      Creating DbCommand for 'ExecuteScalar'.&#xD;
dbug: Microsoft.EntityFrameworkCore.Database.Command[20104]&#xD;
      Created DbCommand for 'ExecuteScalar' (0ms).&#xD;
dbug: Microsoft.EntityFrameworkCore.Database.Command[20106]&#xD;
      Initialized DbCommand for 'ExecuteScalar' (0ms).&#xD;
dbug: Microsoft.EntityFrameworkCore.Database.Command[20100]&#xD;
      Executing DbCommand [Parameters=[], CommandType='Text', CommandTimeout='30']&#xD;
      SELECT COUNT(*) FROM "sqlite_master" WHERE "name" = '__EFMigrationsHistory' AND "type" = 'table';&#xD;
info: Microsoft.EntityFrameworkCore.Database.Command[20101]&#xD;
      Executed DbCommand (0ms) [Parameters=[], CommandType='Text', CommandTimeout='30']&#xD;
      SELECT COUNT(*) FROM "sqlite_master" WHERE "name" = '__EFMigrationsHistory' AND "type" = 'table';&#xD;
dbug: Microsoft.EntityFrameworkCore.Database.Command[20103]&#xD;
      Creating DbCommand for 'ExecuteReader'.&#xD;
dbug: Microsoft.EntityFrameworkCore.Database.Command[20104]&#xD;
      Created DbCommand for 'ExecuteReader' (0ms).&#xD;
dbug: Microsoft.EntityFrameworkCore.Database.Command[20106]&#xD;
      Initialized DbCommand for 'ExecuteReader' (0ms).&#xD;
dbug: Microsoft.EntityFrameworkCore.Database.Command[20100]&#xD;
      Executing DbCommand [Parameters=[], CommandType='Text', CommandTimeout='30']&#xD;
      SELECT "MigrationId", "ProductVersion"&#xD;
      FROM "__EFMigrationsHistory"&#xD;
      ORDER BY "MigrationId";&#xD;
info: Microsoft.EntityFrameworkCore.Database.Command[20101]&#xD;
      Executed DbCommand (1ms) [Parameters=[], CommandType='Text', CommandTimeout='30']&#xD;
      SELECT "MigrationId", "ProductVersion"&#xD;
      FROM "__EFMigrationsHistory"&#xD;
      ORDER BY "MigrationId";&#xD;
dbug: Microsoft.EntityFrameworkCore.Database.Command[20301]&#xD;
      Closing data reader to 'main' on server 'C:\Users\jlelo\AppData\Local\Temp\poc-tests\c6291a70789d4596aab93adbd19a4a43\metadata.db'.&#xD;
dbug: Microsoft.EntityFrameworkCore.Database.Command[20300]&#xD;
      A data reader for 'main' on server 'C:\Users\jlelo\AppData\Local\Temp\poc-tests\c6291a70789d4596aab93adbd19a4a43\metadata.db' is being disposed after spending 1ms reading results.&#xD;
info: Microsoft.EntityFrameworkCore.Migrations[20402]&#xD;
      Applying migration '20260304230609_InitialAuth'.&#xD;
dbug: Microsoft.EntityFrameworkCore.Database.Command[20103]&#xD;
      Creating DbCommand for 'ExecuteNonQuery'.&#xD;
dbug: Microsoft.EntityFrameworkCore.Database.Command[20104]&#xD;
      Created DbCommand for 'ExecuteNonQuery' (0ms).&#xD;
dbug: Microsoft.EntityFrameworkCore.Database.Command[20106]&#xD;
      Initialized DbCommand for 'ExecuteNonQuery' (0ms).&#xD;
dbug: Microsoft.EntityFrameworkCore.Database.Command[20100]&#xD;
      Executing DbCommand [Parameters=[], CommandType='Text', CommandTimeout='30']&#xD;
      CREATE TABLE "AspNetRoles" (&#xD;
          "Id" TEXT NOT NULL CONSTRAINT "PK_AspNetRoles" PRIMARY KEY,&#xD;
          "Name" TEXT NULL,&#xD;
          "NormalizedName" TEXT NULL,&#xD;
          "ConcurrencyStamp" TEXT NULL&#xD;
      );&#xD;
info: Microsoft.EntityFrameworkCore.Database.Command[20101]&#xD;
      Executed DbCommand (0ms) [Parameters=[], CommandType='Text', CommandTimeout='30']&#xD;
      CREATE TABLE "AspNetRoles" (&#xD;
          "Id" TEXT NOT NULL CONSTRAINT "PK_AspNetRoles" PRIMARY KEY,&#xD;
          "Name" TEXT NULL,&#xD;
          "NormalizedName" TEXT NULL,&#xD;
          "ConcurrencyStamp" TEXT NULL&#xD;
      );&#xD;
dbug: Microsoft.EntityFrameworkCore.Database.Command[20103]&#xD;
      Creating DbCommand for 'ExecuteNonQuery'.&#xD;
dbug: Microsoft.EntityFrameworkCore.Database.Command[20104]&#xD;
      Created DbCommand for 'ExecuteNonQuery' (0ms).&#xD;
dbug: Microsoft.EntityFrameworkCore.Database.Command[20106]&#xD;
      Initialized DbCommand for 'ExecuteNonQuery' (0ms).&#xD;
dbug: Microsoft.EntityFrameworkCore.Database.Command[20100]&#xD;
      Executing DbCommand [Parameters=[], CommandType='Text', CommandTimeout='30']&#xD;
      CREATE TABLE "AspNetUsers" (&#xD;
          "Id" TEXT NOT NULL CONSTRAINT "PK_AspNetUsers" PRIMARY KEY,&#xD;
          "DisplayName" TEXT NOT NULL,&#xD;
          "CreatedAt" TEXT NOT NULL,&#xD;
          "LastLoginAt" TEXT NULL,&#xD;
          "IsAdmin" INTEGER NOT NULL,&#xD;
          "UserName" TEXT NULL,&#xD;
          "NormalizedUserName" TEXT NULL,&#xD;
          "Email" TEXT NULL,&#xD;
          "NormalizedEmail" TEXT NULL,&#xD;
          "EmailConfirmed" INTEGER NOT NULL,&#xD;
          "PasswordHash" TEXT NULL,&#xD;
          "SecurityStamp" TEXT NULL,&#xD;
          "ConcurrencyStamp" TEXT NULL,&#xD;
          "PhoneNumber" TEXT NULL,&#xD;
          "PhoneNumberConfirmed" INTEGER NOT NULL,&#xD;
          "TwoFactorEnabled" INTEGER NOT NULL,&#xD;
          "LockoutEnd" TEXT NULL,&#xD;
          "LockoutEnabled" INTEGER NOT NULL,&#xD;
          "AccessFailedCount" INTEGER NOT NULL&#xD;
      );&#xD;
info: Microsoft.EntityFrameworkCore.Database.Command[20101]&#xD;
      Executed DbCommand (0ms) [Parameters=[], CommandType='Text', CommandTimeout='30']&#xD;
      CREATE TABLE "AspNetUsers" (&#xD;
          "Id" TEXT NOT NULL CONSTRAINT "PK_AspNetUsers" PRIMARY KEY,&#xD;
          "DisplayName" TEXT NOT NULL,&#xD;
          "CreatedAt" TEXT NOT NULL,&#xD;
          "LastLoginAt" TEXT NULL,&#xD;
          "IsAdmin" INTEGER NOT NULL,&#xD;
          "UserName" TEXT NULL,&#xD;
          "NormalizedUserName" TEXT NULL,&#xD;
          "Email" TEXT NULL,&#xD;
          "NormalizedEmail" TEXT NULL,&#xD;
          "EmailConfirmed" INTEGER NOT NULL,&#xD;
          "PasswordHash" TEXT NULL,&#xD;
          "SecurityStamp" TEXT NULL,&#xD;
          "ConcurrencyStamp" TEXT NULL,&#xD;
          "PhoneNumber" TEXT NULL,&#xD;
          "PhoneNumberConfirmed" INTEGER NOT NULL,&#xD;
          "TwoFactorEnabled" INTEGER NOT NULL,&#xD;
          "LockoutEnd" TEXT NULL,&#xD;
          "LockoutEnabled" INTEGER NOT NULL,&#xD;
          "AccessFailedCount" INTEGER NOT NULL&#xD;
      );&#xD;
dbug: Microsoft.EntityFrameworkCore.Database.Command[20103]&#xD;
      Creating DbCommand for 'ExecuteNonQuery'.&#xD;
dbug: Microsoft.EntityFrameworkCore.Database.Command[20104]&#xD;
      Created DbCommand for 'ExecuteNonQuery' (0ms).&#xD;
dbug: Microsoft.EntityFrameworkCore.Database.Command[20106]&#xD;
      Initialized DbCommand for 'ExecuteNonQuery' (0ms).&#xD;
dbug: Microsoft.EntityFrameworkCore.Database.Command[20100]&#xD;
      Executing DbCommand [Parameters=[], CommandType='Text', CommandTimeout='30']&#xD;
      CREATE TABLE "InvitationTokens" (&#xD;
          "Id" TEXT NOT NULL CONSTRAINT "PK_InvitationTokens" PRIMARY KEY,&#xD;
          "Email" TEXT NOT NULL,&#xD;
          "Token" TEXT NOT NULL,&#xD;
          "CreatedAt" TEXT NOT NULL,&#xD;
          "ExpiresAt" TEXT NOT NULL,&#xD;
          "UsedAt" TEXT NULL,&#xD;
          "CreatedByUserId" TEXT NOT NULL&#xD;
      );&#xD;
info: Microsoft.EntityFrameworkCore.Database.Command[20101]&#xD;
      Executed DbCommand (0ms) [Parameters=[], CommandType='Text', CommandTimeout='30']&#xD;
      CREATE TABLE "InvitationTokens" (&#xD;
          "Id" TEXT NOT NULL CONSTRAINT "PK_InvitationTokens" PRIMARY KEY,&#xD;
          "Email" TEXT NOT NULL,&#xD;
          "Token" TEXT NOT NULL,&#xD;
          "CreatedAt" TEXT NOT NULL,&#xD;
          "ExpiresAt" TEXT NOT NULL,&#xD;
          "UsedAt" TEXT NULL,&#xD;
          "CreatedByUserId" TEXT NOT NULL&#xD;
      );&#xD;
dbug: Microsoft.EntityFrameworkCore.Database.Command[20103]&#xD;
      Creating DbCommand for 'ExecuteNonQuery'.&#xD;
dbug: Microsoft.EntityFrameworkCore.Database.Command[20104]&#xD;
      Created DbCommand for 'ExecuteNonQuery' (0ms).&#xD;
dbug: Microsoft.EntityFrameworkCore.Database.Command[20106]&#xD;
      Initialized DbCommand for 'ExecuteNonQuery' (0ms).&#xD;
dbug: Microsoft.EntityFrameworkCore.Database.Command[20100]&#xD;
      Executing DbCommand [Parameters=[], CommandType='Text', CommandTimeout='30']&#xD;
      CREATE TABLE "operations_log" (&#xD;
          "id" TEXT NOT NULL CONSTRAINT "PK_operations_log" PRIMARY KEY,&#xD;
          "document_id" TEXT NOT NULL,&#xD;
          "client_id" TEXT NOT NULL,&#xD;
          "produced_at" TEXT NOT NULL,&#xD;
          "received_at" TEXT NOT NULL,&#xD;
          "op_bytes" BLOB NOT NULL&#xD;
      );&#xD;
info: Microsoft.EntityFrameworkCore.Database.Command[20101]&#xD;
      Executed DbCommand (0ms) [Parameters=[], CommandType='Text', CommandTimeout='30']&#xD;
      CREATE TABLE "operations_log" (&#xD;
          "id" TEXT NOT NULL CONSTRAINT "PK_operations_log" PRIMARY KEY,&#xD;
          "document_id" TEXT NOT NULL,&#xD;
          "client_id" TEXT NOT NULL,&#xD;
          "produced_at" TEXT NOT NULL,&#xD;
          "received_at" TEXT NOT NULL,&#xD;
          "op_bytes" BLOB NOT NULL&#xD;
      );&#xD;
dbug: Microsoft.EntityFrameworkCore.Database.Command[20103]&#xD;
      Creating DbCommand for 'ExecuteNonQuery'.&#xD;
dbug: Microsoft.EntityFrameworkCore.Database.Command[20104]&#xD;
      Created DbCommand for 'ExecuteNonQuery' (0ms).&#xD;
dbug: Microsoft.EntityFrameworkCore.Database.Command[20106]&#xD;
      Initialized DbCommand for 'ExecuteNonQuery' (0ms).&#xD;
dbug: Microsoft.EntityFrameworkCore.Database.Command[20100]&#xD;
      Executing DbCommand [Parameters=[], CommandType='Text', CommandTimeout='30']&#xD;
      CREATE TABLE "RefreshTokens" (&#xD;
          "Id" TEXT NOT NULL CONSTRAINT "PK_RefreshTokens" PRIMARY KEY,&#xD;
          "UserId" TEXT NOT NULL,&#xD;
          "Token" TEXT NOT NULL,&#xD;
          "CreatedAt" TEXT NOT NULL,&#xD;
          "ExpiresAt" TEXT NOT NULL,&#xD;
          "RevokedAt" TEXT NULL,&#xD;
          "ReplacedByToken" TEXT NULL,&#xD;
          "ClientIp" TEXT NOT NULL&#xD;
      );&#xD;
info: Microsoft.EntityFrameworkCore.Database.Command[20101]&#xD;
      Executed DbCommand (0ms) [Parameters=[], CommandType='Text', CommandTimeout='30']&#xD;
      CREATE TABLE "RefreshTokens" (&#xD;
          "Id" TEXT NOT NULL CONSTRAINT "PK_RefreshTokens" PRIMARY KEY,&#xD;
          "UserId" TEXT NOT NULL,&#xD;
          "Token" TEXT NOT NULL,&#xD;
          "CreatedAt" TEXT NOT NULL,&#xD;
          "ExpiresAt" TEXT NOT NULL,&#xD;
          "RevokedAt" TEXT NULL,&#xD;
          "ReplacedByToken" TEXT NULL,&#xD;
          "ClientIp" TEXT NOT NULL&#xD;
      );&#xD;
dbug: Microsoft.EntityFrameworkCore.Database.Command[20103]&#xD;
      Creating DbCommand for 'ExecuteNonQuery'.&#xD;
dbug: Microsoft.EntityFrameworkCore.Database.Command[20104]&#xD;
      Created DbCommand for 'ExecuteNonQuery' (0ms).&#xD;
dbug: Microsoft.EntityFrameworkCore.Database.Command[20106]&#xD;
      Initialized DbCommand for 'ExecuteNonQuery' (0ms).&#xD;
dbug: Microsoft.EntityFrameworkCore.Database.Command[20100]&#xD;
      Executing DbCommand [Parameters=[], CommandType='Text', CommandTimeout='30']&#xD;
      CREATE TABLE "sync_vectors" (&#xD;
          "document_id" TEXT NOT NULL,&#xD;
          "client_id" TEXT NOT NULL,&#xD;
          "vector" BLOB NOT NULL,&#xD;
          "updated_at" TEXT NOT NULL,&#xD;
          CONSTRAINT "PK_sync_vectors" PRIMARY KEY ("document_id", "client_id")&#xD;
      );&#xD;
info: Microsoft.EntityFrameworkCore.Database.Command[20101]&#xD;
      Executed DbCommand (0ms) [Parameters=[], CommandType='Text', CommandTimeout='30']&#xD;
      CREATE TABLE "sync_vectors" (&#xD;
          "document_id" TEXT NOT NULL,&#xD;
          "client_id" TEXT NOT NULL,&#xD;
          "vector" BLOB NOT NULL,&#xD;
          "updated_at" TEXT NOT NULL,&#xD;
          CONSTRAINT "PK_sync_vectors" PRIMARY KEY ("document_id", "client_id")&#xD;
      );&#xD;
dbug: Microsoft.EntityFrameworkCore.Database.Command[20103]&#xD;
      Creating DbCommand for 'ExecuteNonQuery'.&#xD;
dbug: Microsoft.EntityFrameworkCore.Database.Command[20104]&#xD;
      Created DbCommand for 'ExecuteNonQuery' (0ms).&#xD;
dbug: Microsoft.EntityFrameworkCore.Database.Command[20106]&#xD;
      Initialized DbCommand for 'ExecuteNonQuery' (0ms).&#xD;
dbug: Microsoft.EntityFrameworkCore.Database.Command[20100]&#xD;
      Executing DbCommand [Parameters=[], CommandType='Text', CommandTimeout='30']&#xD;
      CREATE TABLE "vaults" (&#xD;
          "id" TEXT NOT NULL CONSTRAINT "PK_vaults" PRIMARY KEY,&#xD;
          "name" TEXT NOT NULL,&#xD;
          "owner_id" TEXT NOT NULL,&#xD;
          "created_at" TEXT NOT NULL&#xD;
      );&#xD;
info: Microsoft.EntityFrameworkCore.Database.Command[20101]&#xD;
      Executed DbCommand (0ms) [Parameters=[], CommandType='Text', CommandTimeout='30']&#xD;
      CREATE TABLE "vaults" (&#xD;
          "id" TEXT NOT NULL CONSTRAINT "PK_vaults" PRIMARY KEY,&#xD;
          "name" TEXT NOT NULL,&#xD;
          "owner_id" TEXT NOT NULL,&#xD;
          "created_at" TEXT NOT NULL&#xD;
      );&#xD;
dbug: Microsoft.EntityFrameworkCore.Database.Command[20103]&#xD;
      Creating DbCommand for 'ExecuteNonQuery'.&#xD;
dbug: Microsoft.EntityFrameworkCore.Database.Command[20104]&#xD;
      Created DbCommand for 'ExecuteNonQuery' (0ms).&#xD;
dbug: Microsoft.EntityFrameworkCore.Database.Command[20106]&#xD;
      Initialized DbCommand for 'ExecuteNonQuery' (0ms).&#xD;
dbug: Microsoft.EntityFrameworkCore.Database.Command[20100]&#xD;
      Executing DbCommand [Parameters=[], CommandType='Text', CommandTimeout='30']&#xD;
      CREATE TABLE "AspNetRoleClaims" (&#xD;
          "Id" INTEGER NOT NULL CONSTRAINT "PK_AspNetRoleClaims" PRIMARY KEY AUTOINCREMENT,&#xD;
          "RoleId" TEXT NOT NULL,&#xD;
          "ClaimType" TEXT NULL,&#xD;
          "ClaimValue" TEXT NULL,&#xD;
          CONSTRAINT "FK_AspNetRoleClaims_AspNetRoles_RoleId" FOREIGN KEY ("RoleId") REFERENCES "AspNetRoles" ("Id") ON DELETE CASCADE&#xD;
      );&#xD;
info: Microsoft.EntityFrameworkCore.Database.Command[20101]&#xD;
      Executed DbCommand (0ms) [Parameters=[], CommandType='Text', CommandTimeout='30']&#xD;
      CREATE TABLE "AspNetRoleClaims" (&#xD;
          "Id" INTEGER NOT NULL CONSTRAINT "PK_AspNetRoleClaims" PRIMARY KEY AUTOINCREMENT,&#xD;
          "RoleId" TEXT NOT NULL,&#xD;
          "ClaimType" TEXT NULL,&#xD;
          "ClaimValue" TEXT NULL,&#xD;
          CONSTRAINT "FK_AspNetRoleClaims_AspNetRoles_RoleId" FOREIGN KEY ("RoleId") REFERENCES "AspNetRoles" ("Id") ON DELETE CASCADE&#xD;
      );&#xD;
dbug: Microsoft.EntityFrameworkCore.Database.Command[20103]&#xD;
      Creating DbCommand for 'ExecuteNonQuery'.&#xD;
dbug: Microsoft.EntityFrameworkCore.Database.Command[20104]&#xD;
      Created DbCommand for 'ExecuteNonQuery' (0ms).&#xD;
dbug: Microsoft.EntityFrameworkCore.Database.Command[20106]&#xD;
      Initialized DbCommand for 'ExecuteNonQuery' (0ms).&#xD;
dbug: Microsoft.EntityFrameworkCore.Database.Command[20100]&#xD;
      Executing DbCommand [Parameters=[], CommandType='Text', CommandTimeout='30']&#xD;
      CREATE TABLE "AspNetUserClaims" (&#xD;
          "Id" INTEGER NOT NULL CONSTRAINT "PK_AspNetUserClaims" PRIMARY KEY AUTOINCREMENT,&#xD;
          "UserId" TEXT NOT NULL,&#xD;
          "ClaimType" TEXT NULL,&#xD;
          "ClaimValue" TEXT NULL,&#xD;
          CONSTRAINT "FK_AspNetUserClaims_AspNetUsers_UserId" FOREIGN KEY ("UserId") REFERENCES "AspNetUsers" ("Id") ON DELETE CASCADE&#xD;
      );&#xD;
info: Microsoft.EntityFrameworkCore.Database.Command[20101]&#xD;
      Executed DbCommand (0ms) [Parameters=[], CommandType='Text', CommandTimeout='30']&#xD;
      CREATE TABLE "AspNetUserClaims" (&#xD;
          "Id" INTEGER NOT NULL CONSTRAINT "PK_AspNetUserClaims" PRIMARY KEY AUTOINCREMENT,&#xD;
          "UserId" TEXT NOT NULL,&#xD;
          "ClaimType" TEXT NULL,&#xD;
          "ClaimValue" TEXT NULL,&#xD;
          CONSTRAINT "FK_AspNetUserClaims_AspNetUsers_UserId" FOREIGN KEY ("UserId") REFERENCES "AspNetUsers" ("Id") ON DELETE CASCADE&#xD;
      );&#xD;
dbug: Microsoft.EntityFrameworkCore.Database.Command[20103]&#xD;
      Creating DbCommand for 'ExecuteNonQuery'.&#xD;
dbug: Microsoft.EntityFrameworkCore.Database.Command[20104]&#xD;
      Created DbCommand for 'ExecuteNonQuery' (0ms).&#xD;
dbug: Microsoft.EntityFrameworkCore.Database.Command[20106]&#xD;
      Initialized DbCommand for 'ExecuteNonQuery' (0ms).&#xD;
dbug: Microsoft.EntityFrameworkCore.Database.Command[20100]&#xD;
      Executing DbCommand [Parameters=[], CommandType='Text', CommandTimeout='30']&#xD;
      CREATE TABLE "AspNetUserLogins" (&#xD;
          "LoginProvider" TEXT NOT NULL,&#xD;
          "ProviderKey" TEXT NOT NULL,&#xD;
          "ProviderDisplayName" TEXT NULL,&#xD;
          "UserId" TEXT NOT NULL,&#xD;
          CONSTRAINT "PK_AspNetUserLogins" PRIMARY KEY ("LoginProvider", "ProviderKey"),&#xD;
          CONSTRAINT "FK_AspNetUserLogins_AspNetUsers_UserId" FOREIGN KEY ("UserId") REFERENCES "AspNetUsers" ("Id") ON DELETE CASCADE&#xD;
      );&#xD;
info: Microsoft.EntityFrameworkCore.Database.Command[20101]&#xD;
      Executed DbCommand (0ms) [Parameters=[], CommandType='Text', CommandTimeout='30']&#xD;
      CREATE TABLE "AspNetUserLogins" (&#xD;
          "LoginProvider" TEXT NOT NULL,&#xD;
          "ProviderKey" TEXT NOT NULL,&#xD;
          "ProviderDisplayName" TEXT NULL,&#xD;
          "UserId" TEXT NOT NULL,&#xD;
          CONSTRAINT "PK_AspNetUserLogins" PRIMARY KEY ("LoginProvider", "ProviderKey"),&#xD;
          CONSTRAINT "FK_AspNetUserLogins_AspNetUsers_UserId" FOREIGN KEY ("UserId") REFERENCES "AspNetUsers" ("Id") ON DELETE CASCADE&#xD;
      );&#xD;
dbug: Microsoft.EntityFrameworkCore.Database.Command[20103]&#xD;
      Creating DbCommand for 'ExecuteNonQuery'.&#xD;
dbug: Microsoft.EntityFrameworkCore.Database.Command[20104]&#xD;
      Created DbCommand for 'ExecuteNonQuery' (0ms).&#xD;
dbug: Microsoft.EntityFrameworkCore.Database.Command[20106]&#xD;
      Initialized DbCommand for 'ExecuteNonQuery' (0ms).&#xD;
dbug: Microsoft.EntityFrameworkCore.Database.Command[20100]&#xD;
      Executing DbCommand [Parameters=[], CommandType='Text', CommandTimeout='30']&#xD;
      CREATE TABLE "AspNetUserRoles" (&#xD;
          "UserId" TEXT NOT NULL,&#xD;
          "RoleId" TEXT NOT NULL,&#xD;
          CONSTRAINT "PK_AspNetUserRoles" PRIMARY KEY ("UserId", "RoleId"),&#xD;
          CONSTRAINT "FK_AspNetUserRoles_AspNetRoles_RoleId" FOREIGN KEY ("RoleId") REFERENCES "AspNetRoles" ("Id") ON DELETE CASCADE,&#xD;
          CONSTRAINT "FK_AspNetUserRoles_AspNetUsers_UserId" FOREIGN KEY ("UserId") REFERENCES "AspNetUsers" ("Id") ON DELETE CASCADE&#xD;
      );&#xD;
info: Microsoft.EntityFrameworkCore.Database.Command[20101]&#xD;
      Executed DbCommand (0ms) [Parameters=[], CommandType='Text', CommandTimeout='30']&#xD;
      CREATE TABLE "AspNetUserRoles" (&#xD;
          "UserId" TEXT NOT NULL,&#xD;
          "RoleId" TEXT NOT NULL,&#xD;
          CONSTRAINT "PK_AspNetUserRoles" PRIMARY KEY ("UserId", "RoleId"),&#xD;
          CONSTRAINT "FK_AspNetUserRoles_AspNetRoles_RoleId" FOREIGN KEY ("RoleId") REFERENCES "AspNetRoles" ("Id") ON DELETE CASCADE,&#xD;
          CONSTRAINT "FK_AspNetUserRoles_AspNetUsers_UserId" FOREIGN KEY ("UserId") REFERENCES "AspNetUsers" ("Id") ON DELETE CASCADE&#xD;
      );&#xD;
dbug: Microsoft.EntityFrameworkCore.Database.Command[20103]&#xD;
      Creating DbCommand for 'ExecuteNonQuery'.&#xD;
dbug: Microsoft.EntityFrameworkCore.Database.Command[20104]&#xD;
      Created DbCommand for 'ExecuteNonQuery' (0ms).&#xD;
dbug: Microsoft.EntityFrameworkCore.Database.Command[20106]&#xD;
      Initialized DbCommand for 'ExecuteNonQuery' (0ms).&#xD;
dbug: Microsoft.EntityFrameworkCore.Database.Command[20100]&#xD;
      Executing DbCommand [Parameters=[], CommandType='Text', CommandTimeout='30']&#xD;
      CREATE TABLE "AspNetUserTokens" (&#xD;
          "UserId" TEXT NOT NULL,&#xD;
          "LoginProvider" TEXT NOT NULL,&#xD;
          "Name" TEXT NOT NULL,&#xD;
          "Value" TEXT NULL,&#xD;
          CONSTRAINT "PK_AspNetUserTokens" PRIMARY KEY ("UserId", "LoginProvider", "Name"),&#xD;
          CONSTRAINT "FK_AspNetUserTokens_AspNetUsers_UserId" FOREIGN KEY ("UserId") REFERENCES "AspNetUsers" ("Id") ON DELETE CASCADE&#xD;
      );&#xD;
info: Microsoft.EntityFrameworkCore.Database.Command[20101]&#xD;
      Executed DbCommand (0ms) [Parameters=[], CommandType='Text', CommandTimeout='30']&#xD;
      CREATE TABLE "AspNetUserTokens" (&#xD;
          "UserId" TEXT NOT NULL,&#xD;
          "LoginProvider" TEXT NOT NULL,&#xD;
          "Name" TEXT NOT NULL,&#xD;
          "Value" TEXT NULL,&#xD;
          CONSTRAINT "PK_AspNetUserTokens" PRIMARY KEY ("UserId", "LoginProvider", "Name"),&#xD;
          CONSTRAINT "FK_AspNetUserTokens_AspNetUsers_UserId" FOREIGN KEY ("UserId") REFERENCES "AspNetUsers" ("Id") ON DELETE CASCADE&#xD;
      );&#xD;
dbug: Microsoft.EntityFrameworkCore.Database.Command[20103]&#xD;
      Creating DbCommand for 'ExecuteNonQuery'.&#xD;
dbug: Microsoft.EntityFrameworkCore.Database.Command[20104]&#xD;
      Created DbCommand for 'ExecuteNonQuery' (0ms).&#xD;
dbug: Microsoft.EntityFrameworkCore.Database.Command[20106]&#xD;
      Initialized DbCommand for 'ExecuteNonQuery' (0ms).&#xD;
dbug: Microsoft.EntityFrameworkCore.Database.Command[20100]&#xD;
      Executing DbCommand [Parameters=[], CommandType='Text', CommandTimeout='30']&#xD;
      CREATE TABLE "documents" (&#xD;
          "id" TEXT NOT NULL CONSTRAINT "PK_documents" PRIMARY KEY,&#xD;
          "vault_id" TEXT NOT NULL,&#xD;
          "path" TEXT NOT NULL,&#xD;
          "title" TEXT NULL,&#xD;
          "size_bytes" INTEGER NOT NULL DEFAULT 0,&#xD;
          "hash" TEXT NOT NULL DEFAULT '',&#xD;
          "created_at" TEXT NOT NULL,&#xD;
          "updated_at" TEXT NOT NULL,&#xD;
          "deleted_at" TEXT NULL,&#xD;
          CONSTRAINT "FK_documents_vaults_vault_id" FOREIGN KEY ("vault_id") REFERENCES "vaults" ("id") ON DELETE CASCADE&#xD;
      );&#xD;
info: Microsoft.EntityFrameworkCore.Database.Command[20101]&#xD;
      Executed DbCommand (0ms) [Parameters=[], CommandType='Text', CommandTimeout='30']&#xD;
      CREATE TABLE "documents" (&#xD;
          "id" TEXT NOT NULL CONSTRAINT "PK_documents" PRIMARY KEY,&#xD;
          "vault_id" TEXT NOT NULL,&#xD;
          "path" TEXT NOT NULL,&#xD;
          "title" TEXT NULL,&#xD;
          "size_bytes" INTEGER NOT NULL DEFAULT 0,&#xD;
          "hash" TEXT NOT NULL DEFAULT '',&#xD;
          "created_at" TEXT NOT NULL,&#xD;
          "updated_at" TEXT NOT NULL,&#xD;
          "deleted_at" TEXT NULL,&#xD;
          CONSTRAINT "FK_documents_vaults_vault_id" FOREIGN KEY ("vault_id") REFERENCES "vaults" ("id") ON DELETE CASCADE&#xD;
      );&#xD;
dbug: Microsoft.EntityFrameworkCore.Database.Command[20103]&#xD;
      Creating DbCommand for 'ExecuteNonQuery'.&#xD;
dbug: Microsoft.EntityFrameworkCore.Database.Command[20104]&#xD;
      Created DbCommand for 'ExecuteNonQuery' (0ms).&#xD;
dbug: Microsoft.EntityFrameworkCore.Database.Command[20106]&#xD;
      Initialized DbCommand for 'ExecuteNonQuery' (0ms).&#xD;
dbug: Microsoft.EntityFrameworkCore.Database.Command[20100]&#xD;
      Executing DbCommand [Parameters=[], CommandType='Text', CommandTimeout='30']&#xD;
      CREATE TABLE "folders" (&#xD;
          "id" TEXT NOT NULL CONSTRAINT "PK_folders" PRIMARY KEY,&#xD;
          "vault_id" TEXT NOT NULL,&#xD;
          "path" TEXT NOT NULL,&#xD;
          "created_at" TEXT NOT NULL,&#xD;
          CONSTRAINT "FK_folders_vaults_vault_id" FOREIGN KEY ("vault_id") REFERENCES "vaults" ("id") ON DELETE CASCADE&#xD;
      );&#xD;
info: Microsoft.EntityFrameworkCore.Database.Command[20101]&#xD;
      Executed DbCommand (0ms) [Parameters=[], CommandType='Text', CommandTimeout='30']&#xD;
      CREATE TABLE "folders" (&#xD;
          "id" TEXT NOT NULL CONSTRAINT "PK_folders" PRIMARY KEY,&#xD;
          "vault_id" TEXT NOT NULL,&#xD;
          "path" TEXT NOT NULL,&#xD;
          "created_at" TEXT NOT NULL,&#xD;
          CONSTRAINT "FK_folders_vaults_vault_id" FOREIGN KEY ("vault_id") REFERENCES "vaults" ("id") ON DELETE CASCADE&#xD;
      );&#xD;
dbug: Microsoft.EntityFrameworkCore.Database.Command[20103]&#xD;
      Creating DbCommand for 'ExecuteNonQuery'.&#xD;
dbug: Microsoft.EntityFrameworkCore.Database.Command[20104]&#xD;
      Created DbCommand for 'ExecuteNonQuery' (0ms).&#xD;
dbug: Microsoft.EntityFrameworkCore.Database.Command[20106]&#xD;
      Initialized DbCommand for 'ExecuteNonQuery' (0ms).&#xD;
dbug: Microsoft.EntityFrameworkCore.Database.Command[20100]&#xD;
      Executing DbCommand [Parameters=[], CommandType='Text', CommandTimeout='30']&#xD;
      CREATE TABLE "vault_members" (&#xD;
          "vault_id" TEXT NOT NULL,&#xD;
          "user_id" TEXT NOT NULL,&#xD;
          "role" TEXT NOT NULL,&#xD;
          "joined_at" TEXT NOT NULL,&#xD;
          CONSTRAINT "PK_vault_members" PRIMARY KEY ("vault_id", "user_id"),&#xD;
          CONSTRAINT "FK_vault_members_vaults_vault_id" FOREIGN KEY ("vault_id") REFERENCES "vaults" ("id") ON DELETE CASCADE&#xD;
      );&#xD;
info: Microsoft.EntityFrameworkCore.Database.Command[20101]&#xD;
      Executed DbCommand (0ms) [Parameters=[], CommandType='Text', CommandTimeout='30']&#xD;
      CREATE TABLE "vault_members" (&#xD;
          "vault_id" TEXT NOT NULL,&#xD;
          "user_id" TEXT NOT NULL,&#xD;
          "role" TEXT NOT NULL,&#xD;
          "joined_at" TEXT NOT NULL,&#xD;
          CONSTRAINT "PK_vault_members" PRIMARY KEY ("vault_id", "user_id"),&#xD;
          CONSTRAINT "FK_vault_members_vaults_vault_id" FOREIGN KEY ("vault_id") REFERENCES "vaults" ("id") ON DELETE CASCADE&#xD;
      );&#xD;
dbug: Microsoft.EntityFrameworkCore.Database.Command[20103]&#xD;
      Creating DbCommand for 'ExecuteNonQuery'.&#xD;
dbug: Microsoft.EntityFrameworkCore.Database.Command[20104]&#xD;
      Created DbCommand for 'ExecuteNonQuery' (0ms).&#xD;
dbug: Microsoft.EntityFrameworkCore.Database.Command[20106]&#xD;
      Initialized DbCommand for 'ExecuteNonQuery' (0ms).&#xD;
dbug: Microsoft.EntityFrameworkCore.Database.Command[20100]&#xD;
      Executing DbCommand [Parameters=[], CommandType='Text', CommandTimeout='30']&#xD;
      CREATE INDEX "IX_AspNetRoleClaims_RoleId" ON "AspNetRoleClaims" ("RoleId");&#xD;
info: Microsoft.EntityFrameworkCore.Database.Command[20101]&#xD;
      Executed DbCommand (0ms) [Parameters=[], CommandType='Text', CommandTimeout='30']&#xD;
      CREATE INDEX "IX_AspNetRoleClaims_RoleId" ON "AspNetRoleClaims" ("RoleId");&#xD;
dbug: Microsoft.EntityFrameworkCore.Database.Command[20103]&#xD;
      Creating DbCommand for 'ExecuteNonQuery'.&#xD;
dbug: Microsoft.EntityFrameworkCore.Database.Command[20104]&#xD;
      Created DbCommand for 'ExecuteNonQuery' (0ms).&#xD;
dbug: Microsoft.EntityFrameworkCore.Database.Command[20106]&#xD;
      Initialized DbCommand for 'ExecuteNonQuery' (0ms).&#xD;
dbug: Microsoft.EntityFrameworkCore.Database.Command[20100]&#xD;
      Executing DbCommand [Parameters=[], CommandType='Text', CommandTimeout='30']&#xD;
      CREATE UNIQUE INDEX "RoleNameIndex" ON "AspNetRoles" ("NormalizedName");&#xD;
info: Microsoft.EntityFrameworkCore.Database.Command[20101]&#xD;
      Executed DbCommand (0ms) [Parameters=[], CommandType='Text', CommandTimeout='30']&#xD;
      CREATE UNIQUE INDEX "RoleNameIndex" ON "AspNetRoles" ("NormalizedName");&#xD;
dbug: Microsoft.EntityFrameworkCore.Database.Command[20103]&#xD;
      Creating DbCommand for 'ExecuteNonQuery'.&#xD;
dbug: Microsoft.EntityFrameworkCore.Database.Command[20104]&#xD;
      Created DbCommand for 'ExecuteNonQuery' (0ms).&#xD;
dbug: Microsoft.EntityFrameworkCore.Database.Command[20106]&#xD;
      Initialized DbCommand for 'ExecuteNonQuery' (0ms).&#xD;
dbug: Microsoft.EntityFrameworkCore.Database.Command[20100]&#xD;
      Executing DbCommand [Parameters=[], CommandType='Text', CommandTimeout='30']&#xD;
      CREATE INDEX "IX_AspNetUserClaims_UserId" ON "AspNetUserClaims" ("UserId");&#xD;
info: Microsoft.EntityFrameworkCore.Database.Command[20101]&#xD;
      Executed DbCommand (0ms) [Parameters=[], CommandType='Text', CommandTimeout='30']&#xD;
      CREATE INDEX "IX_AspNetUserClaims_UserId" ON "AspNetUserClaims" ("UserId");&#xD;
dbug: Microsoft.EntityFrameworkCore.Database.Command[20103]&#xD;
      Creating DbCommand for 'ExecuteNonQuery'.&#xD;
dbug: Microsoft.EntityFrameworkCore.Database.Command[20104]&#xD;
      Created DbCommand for 'ExecuteNonQuery' (0ms).&#xD;
dbug: Microsoft.EntityFrameworkCore.Database.Command[20106]&#xD;
      Initialized DbCommand for 'ExecuteNonQuery' (0ms).&#xD;
dbug: Microsoft.EntityFrameworkCore.Database.Command[20100]&#xD;
      Executing DbCommand [Parameters=[], CommandType='Text', CommandTimeout='30']&#xD;
      CREATE INDEX "IX_AspNetUserLogins_UserId" ON "AspNetUserLogins" ("UserId");&#xD;
info: Microsoft.EntityFrameworkCore.Database.Command[20101]&#xD;
      Executed DbCommand (0ms) [Parameters=[], CommandType='Text', CommandTimeout='30']&#xD;
      CREATE INDEX "IX_AspNetUserLogins_UserId" ON "AspNetUserLogins" ("UserId");&#xD;
dbug: Microsoft.EntityFrameworkCore.Database.Command[20103]&#xD;
      Creating DbCommand for 'ExecuteNonQuery'.&#xD;
dbug: Microsoft.EntityFrameworkCore.Database.Command[20104]&#xD;
      Created DbCommand for 'ExecuteNonQuery' (0ms).&#xD;
dbug: Microsoft.EntityFrameworkCore.Database.Command[20106]&#xD;
      Initialized DbCommand for 'ExecuteNonQuery' (0ms).&#xD;
dbug: Microsoft.EntityFrameworkCore.Database.Command[20100]&#xD;
      Executing DbCommand [Parameters=[], CommandType='Text', CommandTimeout='30']&#xD;
      CREATE INDEX "IX_AspNetUserRoles_RoleId" ON "AspNetUserRoles" ("RoleId");&#xD;
info: Microsoft.EntityFrameworkCore.Database.Command[20101]&#xD;
      Executed DbCommand (0ms) [Parameters=[], CommandType='Text', CommandTimeout='30']&#xD;
      CREATE INDEX "IX_AspNetUserRoles_RoleId" ON "AspNetUserRoles" ("RoleId");&#xD;
dbug: Microsoft.EntityFrameworkCore.Database.Command[20103]&#xD;
      Creating DbCommand for 'ExecuteNonQuery'.&#xD;
dbug: Microsoft.EntityFrameworkCore.Database.Command[20104]&#xD;
      Created DbCommand for 'ExecuteNonQuery' (0ms).&#xD;
dbug: Microsoft.EntityFrameworkCore.Database.Command[20106]&#xD;
      Initialized DbCommand for 'ExecuteNonQuery' (0ms).&#xD;
dbug: Microsoft.EntityFrameworkCore.Database.Command[20100]&#xD;
      Executing DbCommand [Parameters=[], CommandType='Text', CommandTimeout='30']&#xD;
      CREATE INDEX "EmailIndex" ON "AspNetUsers" ("NormalizedEmail");&#xD;
info: Microsoft.EntityFrameworkCore.Database.Command[20101]&#xD;
      Executed DbCommand (0ms) [Parameters=[], CommandType='Text', CommandTimeout='30']&#xD;
      CREATE INDEX "EmailIndex" ON "AspNetUsers" ("NormalizedEmail");&#xD;
dbug: Microsoft.EntityFrameworkCore.Database.Command[20103]&#xD;
      Creating DbCommand for 'ExecuteNonQuery'.&#xD;
dbug: Microsoft.EntityFrameworkCore.Database.Command[20104]&#xD;
      Created DbCommand for 'ExecuteNonQuery' (0ms).&#xD;
dbug: Microsoft.EntityFrameworkCore.Database.Command[20106]&#xD;
      Initialized DbCommand for 'ExecuteNonQuery' (0ms).&#xD;
dbug: Microsoft.EntityFrameworkCore.Database.Command[20100]&#xD;
      Executing DbCommand [Parameters=[], CommandType='Text', CommandTimeout='30']&#xD;
      CREATE UNIQUE INDEX "UserNameIndex" ON "AspNetUsers" ("NormalizedUserName");&#xD;
info: Microsoft.EntityFrameworkCore.Database.Command[20101]&#xD;
      Executed DbCommand (0ms) [Parameters=[], CommandType='Text', CommandTimeout='30']&#xD;
      CREATE UNIQUE INDEX "UserNameIndex" ON "AspNetUsers" ("NormalizedUserName");&#xD;
dbug: Microsoft.EntityFrameworkCore.Database.Command[20103]&#xD;
      Creating DbCommand for 'ExecuteNonQuery'.&#xD;
dbug: Microsoft.EntityFrameworkCore.Database.Command[20104]&#xD;
      Created DbCommand for 'ExecuteNonQuery' (0ms).&#xD;
dbug: Microsoft.EntityFrameworkCore.Database.Command[20106]&#xD;
      Initialized DbCommand for 'ExecuteNonQuery' (0ms).&#xD;
dbug: Microsoft.EntityFrameworkCore.Database.Command[20100]&#xD;
      Executing DbCommand [Parameters=[], CommandType='Text', CommandTimeout='30']&#xD;
      CREATE INDEX "idx_documents_vault" ON "documents" ("vault_id", "deleted_at");&#xD;
info: Microsoft.EntityFrameworkCore.Database.Command[20101]&#xD;
      Executed DbCommand (0ms) [Parameters=[], CommandType='Text', CommandTimeout='30']&#xD;
      CREATE INDEX "idx_documents_vault" ON "documents" ("vault_id", "deleted_at");&#xD;
dbug: Microsoft.EntityFrameworkCore.Database.Command[20103]&#xD;
      Creating DbCommand for 'ExecuteNonQuery'.&#xD;
dbug: Microsoft.EntityFrameworkCore.Database.Command[20104]&#xD;
      Created DbCommand for 'ExecuteNonQuery' (0ms).&#xD;
dbug: Microsoft.EntityFrameworkCore.Database.Command[20106]&#xD;
      Initialized DbCommand for 'ExecuteNonQuery' (0ms).&#xD;
dbug: Microsoft.EntityFrameworkCore.Database.Command[20100]&#xD;
      Executing DbCommand [Parameters=[], CommandType='Text', CommandTimeout='30']&#xD;
      CREATE UNIQUE INDEX "IX_documents_vault_id_path" ON "documents" ("vault_id", "path");&#xD;
info: Microsoft.EntityFrameworkCore.Database.Command[20101]&#xD;
      Executed DbCommand (0ms) [Parameters=[], CommandType='Text', CommandTimeout='30']&#xD;
      CREATE UNIQUE INDEX "IX_documents_vault_id_path" ON "documents" ("vault_id", "path");&#xD;
dbug: Microsoft.EntityFrameworkCore.Database.Command[20103]&#xD;
      Creating DbCommand for 'ExecuteNonQuery'.&#xD;
dbug: Microsoft.EntityFrameworkCore.Database.Command[20104]&#xD;
      Created DbCommand for 'ExecuteNonQuery' (0ms).&#xD;
dbug: Microsoft.EntityFrameworkCore.Database.Command[20106]&#xD;
      Initialized DbCommand for 'ExecuteNonQuery' (0ms).&#xD;
dbug: Microsoft.EntityFrameworkCore.Database.Command[20100]&#xD;
      Executing DbCommand [Parameters=[], CommandType='Text', CommandTimeout='30']&#xD;
      CREATE INDEX "idx_folders_vault" ON "folders" ("vault_id");&#xD;
info: Microsoft.EntityFrameworkCore.Database.Command[20101]&#xD;
      Executed DbCommand (0ms) [Parameters=[], CommandType='Text', CommandTimeout='30']&#xD;
      CREATE INDEX "idx_folders_vault" ON "folders" ("vault_id");&#xD;
dbug: Microsoft.EntityFrameworkCore.Database.Command[20103]&#xD;
      Creating DbCommand for 'ExecuteNonQuery'.&#xD;
dbug: Microsoft.EntityFrameworkCore.Database.Command[20104]&#xD;
      Created DbCommand for 'ExecuteNonQuery' (0ms).&#xD;
dbug: Microsoft.EntityFrameworkCore.Database.Command[20106]&#xD;
      Initialized DbCommand for 'ExecuteNonQuery' (0ms).&#xD;
dbug: Microsoft.EntityFrameworkCore.Database.Command[20100]&#xD;
      Executing DbCommand [Parameters=[], CommandType='Text', CommandTimeout='30']&#xD;
      CREATE UNIQUE INDEX "IX_folders_vault_id_path" ON "folders" ("vault_id", "path");&#xD;
info: Microsoft.EntityFrameworkCore.Database.Command[20101]&#xD;
      Executed DbCommand (0ms) [Parameters=[], CommandType='Text', CommandTimeout='30']&#xD;
      CREATE UNIQUE INDEX "IX_folders_vault_id_path" ON "folders" ("vault_id", "path");&#xD;
dbug: Microsoft.EntityFrameworkCore.Database.Command[20103]&#xD;
      Creating DbCommand for 'ExecuteNonQuery'.&#xD;
dbug: Microsoft.EntityFrameworkCore.Database.Command[20104]&#xD;
      Created DbCommand for 'ExecuteNonQuery' (0ms).&#xD;
dbug: Microsoft.EntityFrameworkCore.Database.Command[20106]&#xD;
      Initialized DbCommand for 'ExecuteNonQuery' (0ms).&#xD;
dbug: Microsoft.EntityFrameworkCore.Database.Command[20100]&#xD;
      Executing DbCommand [Parameters=[], CommandType='Text', CommandTimeout='30']&#xD;
      CREATE INDEX "IX_InvitationTokens_Email" ON "InvitationTokens" ("Email");&#xD;
info: Microsoft.EntityFrameworkCore.Database.Command[20101]&#xD;
      Executed DbCommand (0ms) [Parameters=[], CommandType='Text', CommandTimeout='30']&#xD;
      CREATE INDEX "IX_InvitationTokens_Email" ON "InvitationTokens" ("Email");&#xD;
dbug: Microsoft.EntityFrameworkCore.Database.Command[20103]&#xD;
      Creating DbCommand for 'ExecuteNonQuery'.&#xD;
dbug: Microsoft.EntityFrameworkCore.Database.Command[20104]&#xD;
      Created DbCommand for 'ExecuteNonQuery' (0ms).&#xD;
dbug: Microsoft.EntityFrameworkCore.Database.Command[20106]&#xD;
      Initialized DbCommand for 'ExecuteNonQuery' (0ms).&#xD;
dbug: Microsoft.EntityFrameworkCore.Database.Command[20100]&#xD;
      Executing DbCommand [Parameters=[], CommandType='Text', CommandTimeout='30']&#xD;
      CREATE UNIQUE INDEX "IX_InvitationTokens_Token" ON "InvitationTokens" ("Token");&#xD;
info: Microsoft.EntityFrameworkCore.Database.Command[20101]&#xD;
      Executed DbCommand (0ms) [Parameters=[], CommandType='Text', CommandTimeout='30']&#xD;
      CREATE UNIQUE INDEX "IX_InvitationTokens_Token" ON "InvitationTokens" ("Token");&#xD;
dbug: Microsoft.EntityFrameworkCore.Database.Command[20103]&#xD;
      Creating DbCommand for 'ExecuteNonQuery'.&#xD;
dbug: Microsoft.EntityFrameworkCore.Database.Command[20104]&#xD;
      Created DbCommand for 'ExecuteNonQuery' (0ms).&#xD;
dbug: Microsoft.EntityFrameworkCore.Database.Command[20106]&#xD;
      Initialized DbCommand for 'ExecuteNonQuery' (0ms).&#xD;
dbug: Microsoft.EntityFrameworkCore.Database.Command[20100]&#xD;
      Executing DbCommand [Parameters=[], CommandType='Text', CommandTimeout='30']&#xD;
      CREATE INDEX "idx_ops_document" ON "operations_log" ("document_id", "received_at");&#xD;
info: Microsoft.EntityFrameworkCore.Database.Command[20101]&#xD;
      Executed DbCommand (0ms) [Parameters=[], CommandType='Text', CommandTimeout='30']&#xD;
      CREATE INDEX "idx_ops_document" ON "operations_log" ("document_id", "received_at");&#xD;
dbug: Microsoft.EntityFrameworkCore.Database.Command[20103]&#xD;
      Creating DbCommand for 'ExecuteNonQuery'.&#xD;
dbug: Microsoft.EntityFrameworkCore.Database.Command[20104]&#xD;
      Created DbCommand for 'ExecuteNonQuery' (0ms).&#xD;
dbug: Microsoft.EntityFrameworkCore.Database.Command[20106]&#xD;
      Initialized DbCommand for 'ExecuteNonQuery' (0ms).&#xD;
dbug: Microsoft.EntityFrameworkCore.Database.Command[20100]&#xD;
      Executing DbCommand [Parameters=[], CommandType='Text', CommandTimeout='30']&#xD;
      CREATE UNIQUE INDEX "IX_RefreshTokens_Token" ON "RefreshTokens" ("Token");&#xD;
info: Microsoft.EntityFrameworkCore.Database.Command[20101]&#xD;
      Executed DbCommand (0ms) [Parameters=[], CommandType='Text', CommandTimeout='30']&#xD;
      CREATE UNIQUE INDEX "IX_RefreshTokens_Token" ON "RefreshTokens" ("Token");&#xD;
dbug: Microsoft.EntityFrameworkCore.Database.Command[20103]&#xD;
      Creating DbCommand for 'ExecuteNonQuery'.&#xD;
dbug: Microsoft.EntityFrameworkCore.Database.Command[20104]&#xD;
      Created DbCommand for 'ExecuteNonQuery' (0ms).&#xD;
dbug: Microsoft.EntityFrameworkCore.Database.Command[20106]&#xD;
      Initialized DbCommand for 'ExecuteNonQuery' (0ms).&#xD;
dbug: Microsoft.EntityFrameworkCore.Database.Command[20100]&#xD;
      Executing DbCommand [Parameters=[], CommandType='Text', CommandTimeout='30']&#xD;
      CREATE INDEX "IX_RefreshTokens_UserId" ON "RefreshTokens" ("UserId");&#xD;
info: Microsoft.EntityFrameworkCore.Database.Command[20101]&#xD;
      Executed DbCommand (0ms) [Parameters=[], CommandType='Text', CommandTimeout='30']&#xD;
      CREATE INDEX "IX_RefreshTokens_UserId" ON "RefreshTokens" ("UserId");&#xD;
dbug: Microsoft.EntityFrameworkCore.Database.Command[20103]&#xD;
      Creating DbCommand for 'ExecuteNonQuery'.&#xD;
dbug: Microsoft.EntityFrameworkCore.Database.Command[20104]&#xD;
      Created DbCommand for 'ExecuteNonQuery' (0ms).&#xD;
dbug: Microsoft.EntityFrameworkCore.Database.Command[20106]&#xD;
      Initialized DbCommand for 'ExecuteNonQuery' (0ms).&#xD;
dbug: Microsoft.EntityFrameworkCore.Database.Command[20100]&#xD;
      Executing DbCommand [Parameters=[], CommandType='Text', CommandTimeout='30']&#xD;
      INSERT INTO "__EFMigrationsHistory" ("MigrationId", "ProductVersion")&#xD;
      VALUES ('20260304230609_InitialAuth', '10.0.3');&#xD;
info: Microsoft.EntityFrameworkCore.Database.Command[20101]&#xD;
      Executed DbCommand (0ms) [Parameters=[], CommandType='Text', CommandTimeout='30']&#xD;
      INSERT INTO "__EFMigrationsHistory" ("MigrationId", "ProductVersion")&#xD;
      VALUES ('20260304230609_InitialAuth', '10.0.3');&#xD;
dbug: Microsoft.EntityFrameworkCore.Database.Transaction[20210]&#xD;
      Committing transaction.&#xD;
dbug: Microsoft.EntityFrameworkCore.Database.Transaction[20202]&#xD;
      Committed transaction.&#xD;
dbug: Microsoft.EntityFrameworkCore.Database.Transaction[20204]&#xD;
      Disposing transaction.&#xD;
dbug: Microsoft.EntityFrameworkCore.Database.Command[20103]&#xD;
      Creating DbCommand for 'ExecuteScalar'.&#xD;
dbug: Microsoft.EntityFrameworkCore.Database.Command[20104]&#xD;
      Created DbCommand for 'ExecuteScalar' (0ms).&#xD;
dbug: Microsoft.EntityFrameworkCore.Database.Command[20106]&#xD;
      Initialized DbCommand for 'ExecuteScalar' (0ms).&#xD;
dbug: Microsoft.EntityFrameworkCore.Database.Command[20100]&#xD;
      Executing DbCommand [Parameters=[], CommandType='Text', CommandTimeout='30']&#xD;
      DELETE FROM "__EFMigrationsLock";&#xD;
info: Microsoft.EntityFrameworkCore.Database.Command[20101]&#xD;
      Executed DbCommand (1ms) [Parameters=[], CommandType='Text', CommandTimeout='30']&#xD;
      DELETE FROM "__EFMigrationsLock";&#xD;
dbug: Microsoft.EntityFrameworkCore.Database.Connection[20002]&#xD;
      Closing connection to database 'main' on server 'C:\Users\jlelo\AppData\Local\Temp\poc-tests\c6291a70789d4596aab93adbd19a4a43\metadata.db'.&#xD;
dbug: Microsoft.EntityFrameworkCore.Database.Connection[20003]&#xD;
      Closed connection to database 'main' on server 'C:\Users\jlelo\AppData\Local\Temp\poc-tests\c6291a70789d4596aab93adbd19a4a43\metadata.db' (0ms).&#xD;
info: Microsoft.AspNetCore.DataProtection.KeyManagement.XmlKeyManager[63]&#xD;
      User profile is available. Using 'C:\Users\jlelo\AppData\Local\ASP.NET\DataProtection-Keys' as key repository and Windows DPAPI to encrypt keys at rest.&#xD;
dbug: Microsoft.EntityFrameworkCore.Query[10111]&#xD;
      Compiling query expression: &#xD;
      'DbSet&lt;AppUser&gt;()&#xD;
          .SingleOrDefault(u =&gt; u.NormalizedEmail == @normalizedEmail)'&#xD;
dbug: Microsoft.EntityFrameworkCore.Query[10107]&#xD;
      Generated query execution expression: &#xD;
      'queryContext =&gt; ShapedQueryCompilingExpressionVisitor.SingleOrDefaultAsync&lt;AppUser&gt;(&#xD;
          asyncEnumerable: SingleQueryingEnumerable.Create&lt;AppUser&gt;(&#xD;
              relationalQueryContext: (RelationalQueryContext)queryContext, &#xD;
              relationalCommandResolver: parameters =&gt; [LIFTABLE Constant: RelationalCommandCache.QueryExpression(&#xD;
                  Projection Mapping:&#xD;
                      EmptyProjectionMember -&gt; Dictionary&lt;IPropertyBase, int&gt; { [Property: AppUser.Id (string) Required PK AfterSave:Throw, 0], [Property: AppUser.AccessFailedCount (int) Required, 1], [Property: AppUser.ConcurrencyStamp (string) Concurrency, 2], [Property: AppUser.CreatedAt (DateTime) Required, 3], [Property: AppUser.DisplayName (string) Required, 4], [Property: AppUser.Email (string) MaxLength(256), 5], [Property: AppUser.EmailConfirmed (bool) Required, 6], [Property: AppUser.IsAdmin (bool) Required, 7], [Property: AppUser.LastLoginAt (DateTime?), 8], [Property: AppUser.LockoutEnabled (bool) Required, 9], [Property: AppUser.LockoutEnd (DateTimeOffset?), 10], [Property: AppUser.NormalizedEmail (string) Index MaxLength(256), 11], [Property: AppUser.NormalizedUserName (string) Index MaxLength(256), 12], [Property: AppUser.PasswordHash (string), 13], [Property: AppUser.PhoneNumber (string), 14], [Property: AppUser.PhoneNumberConfirmed (bool) Required, 15], [Property: AppUser.SecurityStamp (string), 16], [Property: AppUser.TwoFactorEnabled (bool) Required, 17], [Property: AppUser.UserName (string) MaxLength(256), 18] }&#xD;
                  SELECT TOP(2) a.Id, a.AccessFailedCount, a.ConcurrencyStamp, a.CreatedAt, a.DisplayName, a.Email, a.EmailConfirmed, a.IsAdmin, a.LastLoginAt, a.LockoutEnabled, a.LockoutEnd, a.NormalizedEmail, a.NormalizedUserName, a.PasswordHash, a.PhoneNumber, a.PhoneNumberConfirmed, a.SecurityStamp, a.TwoFactorEnabled, a.UserName&#xD;
                  FROM AspNetUsers AS a&#xD;
                  WHERE a.NormalizedEmail == @normalizedEmail) | Resolver: c =&gt; new RelationalCommandCache(&#xD;
                  c.Dependencies.MemoryCache, &#xD;
                  c.RelationalDependencies.QuerySqlGeneratorFactory, &#xD;
                  c.RelationalDependencies.RelationalParameterBasedSqlProcessorFactory, &#xD;
                  Projection Mapping:&#xD;
                      EmptyProjectionMember -&gt; Dictionary&lt;IPropertyBase, int&gt; { [Property: AppUser.Id (string) Required PK AfterSave:Throw, 0], [Property: AppUser.AccessFailedCount (int) Required, 1], [Property: AppUser.ConcurrencyStamp (string) Concurrency, 2], [Property: AppUser.CreatedAt (DateTime) Required, 3], [Property: AppUser.DisplayName (string) Required, 4], [Property: AppUser.Email (string) MaxLength(256), 5], [Property: AppUser.EmailConfirmed (bool) Required, 6], [Property: AppUser.IsAdmin (bool) Required, 7], [Property: AppUser.LastLoginAt (DateTime?), 8], [Property: AppUser.LockoutEnabled (bool) Required, 9], [Property: AppUser.LockoutEnd (DateTimeOffset?), 10], [Property: AppUser.NormalizedEmail (string) Index MaxLength(256), 11], [Property: AppUser.NormalizedUserName (string) Index MaxLength(256), 12], [Property: AppUser.PasswordHash (string), 13], [Property: AppUser.PhoneNumber (string), 14], [Property: AppUser.PhoneNumberConfirmed (bool) Required, 15], [Property: AppUser.SecurityStamp (string), 16], [Property: AppUser.TwoFactorEnabled (bool) Required, 17], [Property: AppUser.UserName (string) MaxLength(256), 18] }&#xD;
                  SELECT TOP(2) a.Id, a.AccessFailedCount, a.ConcurrencyStamp, a.CreatedAt, a.DisplayName, a.Email, a.EmailConfirmed, a.IsAdmin, a.LastLoginAt, a.LockoutEnabled, a.LockoutEnd, a.NormalizedEmail, a.NormalizedUserName, a.PasswordHash, a.PhoneNumber, a.PhoneNumberConfirmed, a.SecurityStamp, a.TwoFactorEnabled, a.UserName&#xD;
                  FROM AspNetUsers AS a&#xD;
                  WHERE a.NormalizedEmail == @normalizedEmail, &#xD;
                  False, &#xD;
                  MultipleParameters&#xD;
              )].GetRelationalCommandTemplate(parameters), &#xD;
              readerColumns: null, &#xD;
              shaper: (queryContext, dataReader, resultContext, resultCoordinator) =&gt; &#xD;
              {&#xD;
                  AppUser entity;&#xD;
                  entity = &#xD;
                  {&#xD;
                      MaterializationContext materializationContext1;&#xD;
                      IEntityType entityType1;&#xD;
                      AppUser instance1;&#xD;
                      InternalEntityEntry entry1;&#xD;
                      bool hasNullKey1;&#xD;
                      materializationContext1 = new MaterializationContext(&#xD;
                          [LIFTABLE Constant: ValueBuffer | Resolver: _ =&gt; (object)ValueBuffer.Empty], &#xD;
                          queryContext.Context&#xD;
                      );&#xD;
                      instance1 = default(AppUser);&#xD;
                      entry1 = queryContext.TryGetEntry(&#xD;
                          key: [LIFTABLE Constant: Key: AppUser.Id PK | Resolver: c =&gt; c.Dependencies.Model.FindEntityType("PocCollabEditor.Domain.Entities.AppUser").FindPrimaryKey()], &#xD;
                          keyValues: new object[]{ (object)dataReader.GetString(0) }, &#xD;
                          throwOnNullKey: True, &#xD;
                          hasNullKey: hasNullKey1);&#xD;
                      !(hasNullKey1) ? entry1 != default(InternalEntityEntry) ? &#xD;
                      {&#xD;
                          entityType1 = entry1.EntityType;&#xD;
                          return instance1 = (AppUser)entry1.Entity;&#xD;
                      } : &#xD;
                      {&#xD;
                          ISnapshot shadowSnapshot1;&#xD;
                          shadowSnapshot1 = [LIFTABLE Constant: Snapshot | Resolver: _ =&gt; Snapshot.Empty];&#xD;
                          entityType1 = [LIFTABLE Constant: EntityType: AppUser | Resolver: namelessParameter{0} =&gt; namelessParameter{0}.Dependencies.Model.FindEntityType("PocCollabEditor.Domain.Entities.AppUser")];&#xD;
                          instance1 = switch (entityType1)&#xD;
                          {&#xD;
                              case [LIFTABLE Constant: EntityType: AppUser | Resolver: namelessParameter{1} =&gt; namelessParameter{1}.Dependencies.Model.FindEntityType("PocCollabEditor.Domain.Entities.AppUser")]: &#xD;
                                  {&#xD;
                                      return &#xD;
                                      {&#xD;
                                          AppUser instance;&#xD;
                                          instance = new AppUser();&#xD;
                                          instance.&lt;Id&gt;k__BackingField = dataReader.GetString(0);&#xD;
                                          instance.&lt;AccessFailedCount&gt;k__BackingField = dataReader.GetInt32(1);&#xD;
                                          instance.&lt;ConcurrencyStamp&gt;k__BackingField = dataReader.IsDBNull(2) ? default(string) : dataReader.GetString(2);&#xD;
                                          instance.&lt;CreatedAt&gt;k__BackingField = dataReader.GetDateTime(3);&#xD;
                                          instance.&lt;DisplayName&gt;k__BackingField = dataReader.GetString(4);&#xD;
                                          instance.&lt;Email&gt;k__BackingField = dataReader.IsDBNull(5) ? default(string) : dataReader.GetString(5);&#xD;
                                          instance.&lt;EmailConfirmed&gt;k__BackingField = dataReader.GetBoolean(6);&#xD;
                                          instance.&lt;IsAdmin&gt;k__BackingField = dataReader.GetBoolean(7);&#xD;
                                          instance.&lt;LastLoginAt&gt;k__BackingField = dataReader.IsDBNull(8) ? default(DateTime?) : (DateTime?)dataReader.GetDateTime(8);&#xD;
                                          instance.&lt;LockoutEnabled&gt;k__BackingField = dataReader.GetBoolean(9);&#xD;
                                          instance.&lt;LockoutEnd&gt;k__BackingField = dataReader.IsDBNull(10) ? default(DateTimeOffset?) : (DateTimeOffset?)dataReader.GetFieldValue&lt;DateTimeOffset&gt;(10);&#xD;
                                          instance.&lt;NormalizedEmail&gt;k__BackingField = dataReader.IsDBNull(11) ? default(string) : dataReader.GetString(11);&#xD;
                                          instance.&lt;NormalizedUserName&gt;k__BackingField = dataReader.IsDBNull(12) ? default(string) : dataReader.GetString(12);&#xD;
                                          instance.&lt;PasswordHash&gt;k__BackingField = dataReader.IsDBNull(13) ? default(string) : dataReader.GetString(13);&#xD;
                                          instance.&lt;PhoneNumber&gt;k__BackingField = dataReader.IsDBNull(14) ? default(string) : dataReader.GetString(14);&#xD;
                                          instance.&lt;PhoneNumberConfirmed&gt;k__BackingField = dataReader.GetBoolean(15);&#xD;
                                          instance.&lt;SecurityStamp&gt;k__BackingField = dataReader.IsDBNull(16) ? default(string) : dataReader.GetString(16);&#xD;
                                          instance.&lt;TwoFactorEnabled&gt;k__BackingField = dataReader.GetBoolean(17);&#xD;
                                          instance.&lt;UserName&gt;k__BackingField = dataReader.IsDBNull(18) ? default(string) : dataReader.GetString(18);&#xD;
                                          (instance is IInjectableService) ? ((IInjectableService)instance).Injected(&#xD;
                                              context: materializationContext1.Context, &#xD;
                                              entity: instance, &#xD;
                                              queryTrackingBehavior: TrackAll, &#xD;
                                              structuralType: [LIFTABLE Constant: EntityType: AppUser | Resolver: namelessParameter{2} =&gt; namelessParameter{2}.Dependencies.Model.FindEntityType("PocCollabEditor.Domain.Entities.AppUser")]) : default(void);&#xD;
                                          return instance;&#xD;
                                      }}&#xD;
                              default: &#xD;
                                  default(AppUser)&#xD;
                          }&#xD;
                          ;&#xD;
                          entry1 = entityType1 == default(IEntityType) ? default(InternalEntityEntry) : queryContext.StartTracking(&#xD;
                              entityType: entityType1, &#xD;
                              entity: instance1, &#xD;
                              snapshot: shadowSnapshot1);&#xD;
                          return instance1;&#xD;
                      } : default(void);&#xD;
                      return instance1;&#xD;
                  };&#xD;
                  return entity;&#xD;
              }, &#xD;
              contextType: PocCollabEditor.Infrastructure.Persistence.AppDbContext, &#xD;
              standAloneStateManager: False, &#xD;
              detailedErrorsEnabled: False, &#xD;
              threadSafetyChecksEnabled: True), &#xD;
          cancellationToken: queryContext.CancellationToken)'&#xD;
dbug: Microsoft.EntityFrameworkCore.Database.Connection[20000]&#xD;
      Opening connection to database 'main' on server 'C:\Users\jlelo\AppData\Local\Temp\poc-tests\c6291a70789d4596aab93adbd19a4a43\metadata.db'.&#xD;
dbug: Microsoft.EntityFrameworkCore.Database.Connection[20001]&#xD;
      Opened connection to database 'main' on server 'C:\Users\jlelo\AppData\Local\Temp\poc-tests\c6291a70789d4596aab93adbd19a4a43\metadata.db'.&#xD;
dbug: Microsoft.EntityFrameworkCore.Database.Command[20103]&#xD;
      Creating DbCommand for 'ExecuteReader'.&#xD;
dbug: Microsoft.EntityFrameworkCore.Database.Command[20104]&#xD;
      Created DbCommand for 'ExecuteReader' (0ms).&#xD;
dbug: Microsoft.EntityFrameworkCore.Database.Command[20106]&#xD;
      Initialized DbCommand for 'ExecuteReader' (0ms).&#xD;
dbug: Microsoft.EntityFrameworkCore.Database.Command[20100]&#xD;
      Executing DbCommand [Parameters=[@normalizedEmail='?' (Size = 16)], CommandType='Text', CommandTimeout='30']&#xD;
      SELECT "a"."Id", "a"."AccessFailedCount", "a"."ConcurrencyStamp", "a"."CreatedAt", "a"."DisplayName", "a"."Email", "a"."EmailConfirmed", "a"."IsAdmin", "a"."LastLoginAt", "a"."LockoutEnabled", "a"."LockoutEnd", "a"."NormalizedEmail", "a"."NormalizedUserName", "a"."PasswordHash", "a"."PhoneNumber", "a"."PhoneNumberConfirmed", "a"."SecurityStamp", "a"."TwoFactorEnabled", "a"."UserName"&#xD;
      FROM "AspNetUsers" AS "a"&#xD;
      WHERE "a"."NormalizedEmail" = @normalizedEmail&#xD;
      LIMIT 2&#xD;
info: Microsoft.EntityFrameworkCore.Database.Command[20101]&#xD;
      Executed DbCommand (3ms) [Parameters=[@normalizedEmail='?' (Size = 16)], CommandType='Text', CommandTimeout='30']&#xD;
      SELECT "a"."Id", "a"."AccessFailedCount", "a"."ConcurrencyStamp", "a"."CreatedAt", "a"."DisplayName", "a"."Email", "a"."EmailConfirmed", "a"."IsAdmin", "a"."LastLoginAt", "a"."LockoutEnabled", "a"."LockoutEnd", "a"."NormalizedEmail", "a"."NormalizedUserName", "a"."PasswordHash", "a"."PhoneNumber", "a"."PhoneNumberConfirmed", "a"."SecurityStamp", "a"."TwoFactorEnabled", "a"."UserName"&#xD;
      FROM "AspNetUsers" AS "a"&#xD;
      WHERE "a"."NormalizedEmail" = @normalizedEmail&#xD;
      LIMIT 2&#xD;
dbug: Microsoft.EntityFrameworkCore.Database.Command[20301]&#xD;
      Closing data reader to 'main' on server 'C:\Users\jlelo\AppData\Local\Temp\poc-tests\c6291a70789d4596aab93adbd19a4a43\metadata.db'.&#xD;
dbug: Microsoft.EntityFrameworkCore.Database.Command[20300]&#xD;
      A data reader for 'main' on server 'C:\Users\jlelo\AppData\Local\Temp\poc-tests\c6291a70789d4596aab93adbd19a4a43\metadata.db' is being disposed after spending 0ms reading results.&#xD;
dbug: Microsoft.EntityFrameworkCore.Database.Connection[20002]&#xD;
      Closing connection to database 'main' on server 'C:\Users\jlelo\AppData\Local\Temp\poc-tests\c6291a70789d4596aab93adbd19a4a43\metadata.db'.&#xD;
dbug: Microsoft.EntityFrameworkCore.Database.Connection[20003]&#xD;
      Closed connection to database 'main' on server 'C:\Users\jlelo\AppData\Local\Temp\poc-tests\c6291a70789d4596aab93adbd19a4a43\metadata.db' (0ms).&#xD;
dbug: Microsoft.EntityFrameworkCore.Query[10111]&#xD;
      Compiling query expression: &#xD;
      'DbSet&lt;AppUser&gt;()&#xD;
          .FirstOrDefault(u =&gt; u.NormalizedUserName == @normalizedUserName)'&#xD;
dbug: Microsoft.EntityFrameworkCore.Query[10107]&#xD;
      Generated query execution expression: &#xD;
      'queryContext =&gt; ShapedQueryCompilingExpressionVisitor.SingleOrDefaultAsync&lt;AppUser&gt;(&#xD;
          asyncEnumerable: SingleQueryingEnumerable.Create&lt;AppUser&gt;(&#xD;
              relationalQueryContext: (RelationalQueryContext)queryContext, &#xD;
              relationalCommandResolver: parameters =&gt; [LIFTABLE Constant: RelationalCommandCache.QueryExpression(&#xD;
                  Projection Mapping:&#xD;
                      EmptyProjectionMember -&gt; Dictionary&lt;IPropertyBase, int&gt; { [Property: AppUser.Id (string) Required PK AfterSave:Throw, 0], [Property: AppUser.AccessFailedCount (int) Required, 1], [Property: AppUser.ConcurrencyStamp (string) Concurrency, 2], [Property: AppUser.CreatedAt (DateTime) Required, 3], [Property: AppUser.DisplayName (string) Required, 4], [Property: AppUser.Email (string) MaxLength(256), 5], [Property: AppUser.EmailConfirmed (bool) Required, 6], [Property: AppUser.IsAdmin (bool) Required, 7], [Property: AppUser.LastLoginAt (DateTime?), 8], [Property: AppUser.LockoutEnabled (bool) Required, 9], [Property: AppUser.LockoutEnd (DateTimeOffset?), 10], [Property: AppUser.NormalizedEmail (string) Index MaxLength(256), 11], [Property: AppUser.NormalizedUserName (string) Index MaxLength(256), 12], [Property: AppUser.PasswordHash (string), 13], [Property: AppUser.PhoneNumber (string), 14], [Property: AppUser.PhoneNumberConfirmed (bool) Required, 15], [Property: AppUser.SecurityStamp (string), 16], [Property: AppUser.TwoFactorEnabled (bool) Required, 17], [Property: AppUser.UserName (string) MaxLength(256), 18] }&#xD;
                  SELECT TOP(1) a.Id, a.AccessFailedCount, a.ConcurrencyStamp, a.CreatedAt, a.DisplayName, a.Email, a.EmailConfirmed, a.IsAdmin, a.LastLoginAt, a.LockoutEnabled, a.LockoutEnd, a.NormalizedEmail, a.NormalizedUserName, a.PasswordHash, a.PhoneNumber, a.PhoneNumberConfirmed, a.SecurityStamp, a.TwoFactorEnabled, a.UserName&#xD;
                  FROM AspNetUsers AS a&#xD;
                  WHERE a.NormalizedUserName == @normalizedUserName) | Resolver: c =&gt; new RelationalCommandCache(&#xD;
                  c.Dependencies.MemoryCache, &#xD;
                  c.RelationalDependencies.QuerySqlGeneratorFactory, &#xD;
                  c.RelationalDependencies.RelationalParameterBasedSqlProcessorFactory, &#xD;
                  Projection Mapping:&#xD;
                      EmptyProjectionMember -&gt; Dictionary&lt;IPropertyBase, int&gt; { [Property: AppUser.Id (string) Required PK AfterSave:Throw, 0], [Property: AppUser.AccessFailedCount (int) Required, 1], [Property: AppUser.ConcurrencyStamp (string) Concurrency, 2], [Property: AppUser.CreatedAt (DateTime) Required, 3], [Property: AppUser.DisplayName (string) Required, 4], [Property: AppUser.Email (string) MaxLength(256), 5], [Property: AppUser.EmailConfirmed (bool) Required, 6], [Property: AppUser.IsAdmin (bool) Required, 7], [Property: AppUser.LastLoginAt (DateTime?), 8], [Property: AppUser.LockoutEnabled (bool) Required, 9], [Property: AppUser.LockoutEnd (DateTimeOffset?), 10], [Property: AppUser.NormalizedEmail (string) Index MaxLength(256), 11], [Property: AppUser.NormalizedUserName (string) Index MaxLength(256), 12], [Property: AppUser.PasswordHash (string), 13], [Property: AppUser.PhoneNumber (string), 14], [Property: AppUser.PhoneNumberConfirmed (bool) Required, 15], [Property: AppUser.SecurityStamp (string), 16], [Property: AppUser.TwoFactorEnabled (bool) Required, 17], [Property: AppUser.UserName (string) MaxLength(256), 18] }&#xD;
                  SELECT TOP(1) a.Id, a.AccessFailedCount, a.ConcurrencyStamp, a.CreatedAt, a.DisplayName, a.Email, a.EmailConfirmed, a.IsAdmin, a.LastLoginAt, a.LockoutEnabled, a.LockoutEnd, a.NormalizedEmail, a.NormalizedUserName, a.PasswordHash, a.PhoneNumber, a.PhoneNumberConfirmed, a.SecurityStamp, a.TwoFactorEnabled, a.UserName&#xD;
                  FROM AspNetUsers AS a&#xD;
                  WHERE a.NormalizedUserName == @normalizedUserName, &#xD;
                  False, &#xD;
                  MultipleParameters&#xD;
              )].GetRelationalCommandTemplate(parameters), &#xD;
              readerColumns: null, &#xD;
              shaper: (queryContext, dataReader, resultContext, resultCoordinator) =&gt; &#xD;
              {&#xD;
                  AppUser entity;&#xD;
                  entity = &#xD;
                  {&#xD;
                      MaterializationContext materializationContext1;&#xD;
                      IEntityType entityType1;&#xD;
                      AppUser instance1;&#xD;
                      InternalEntityEntry entry1;&#xD;
                      bool hasNullKey1;&#xD;
                      materializationContext1 = new MaterializationContext(&#xD;
                          [LIFTABLE Constant: ValueBuffer | Resolver: _ =&gt; (object)ValueBuffer.Empty], &#xD;
                          queryContext.Context&#xD;
                      );&#xD;
                      instance1 = default(AppUser);&#xD;
                      entry1 = queryContext.TryGetEntry(&#xD;
                          key: [LIFTABLE Constant: Key: AppUser.Id PK | Resolver: c =&gt; c.Dependencies.Model.FindEntityType("PocCollabEditor.Domain.Entities.AppUser").FindPrimaryKey()], &#xD;
                          keyValues: new object[]{ (object)dataReader.GetString(0) }, &#xD;
                          throwOnNullKey: True, &#xD;
                          hasNullKey: hasNullKey1);&#xD;
                      !(hasNullKey1) ? entry1 != default(InternalEntityEntry) ? &#xD;
                      {&#xD;
                          entityType1 = entry1.EntityType;&#xD;
                          return instance1 = (AppUser)entry1.Entity;&#xD;
                      } : &#xD;
                      {&#xD;
                          ISnapshot shadowSnapshot1;&#xD;
                          shadowSnapshot1 = [LIFTABLE Constant: Snapshot | Resolver: _ =&gt; Snapshot.Empty];&#xD;
                          entityType1 = [LIFTABLE Constant: EntityType: AppUser | Resolver: namelessParameter{0} =&gt; namelessParameter{0}.Dependencies.Model.FindEntityType("PocCollabEditor.Domain.Entities.AppUser")];&#xD;
                          instance1 = switch (entityType1)&#xD;
                          {&#xD;
                              case [LIFTABLE Constant: EntityType: AppUser | Resolver: namelessParameter{1} =&gt; namelessParameter{1}.Dependencies.Model.FindEntityType("PocCollabEditor.Domain.Entities.AppUser")]: &#xD;
                                  {&#xD;
                                      return &#xD;
                                      {&#xD;
                                          AppUser instance;&#xD;
                                          instance = new AppUser();&#xD;
                                          instance.&lt;Id&gt;k__BackingField = dataReader.GetString(0);&#xD;
                                          instance.&lt;AccessFailedCount&gt;k__BackingField = dataReader.GetInt32(1);&#xD;
                                          instance.&lt;ConcurrencyStamp&gt;k__BackingField = dataReader.IsDBNull(2) ? default(string) : dataReader.GetString(2);&#xD;
                                          instance.&lt;CreatedAt&gt;k__BackingField = dataReader.GetDateTime(3);&#xD;
[...]
dbug: Microsoft.EntityFrameworkCore.Database.Connection[20002]&#xD;
      Closing connection to database 'main' on server 'C:\Users\jlelo\AppData\Local\Temp\poc-tests\c6291a70789d4596aab93adbd19a4a43\metadata.db'.&#xD;
dbug: Microsoft.EntityFrameworkCore.Database.Connection[20003]&#xD;
      Closed connection to database 'main' on server 'C:\Users\jlelo\AppData\Local\Temp\poc-tests\c6291a70789d4596aab93adbd19a4a43\metadata.db' (0ms).&#xD;
dbug: Microsoft.EntityFrameworkCore.Database.Connection[20000]&#xD;
      Opening connection to database 'main' on server 'C:\Users\jlelo\AppData\Local\Temp\poc-tests\c6291a70789d4596aab93adbd19a4a43\metadata.db'.&#xD;
dbug: Microsoft.EntityFrameworkCore.Database.Connection[20001]&#xD;
      Opened connection to database 'main' on server 'C:\Users\jlelo\AppData\Local\Temp\poc-tests\c6291a70789d4596aab93adbd19a4a43\metadata.db'.&#xD;
dbug: Microsoft.EntityFrameworkCore.Database.Command[20103]&#xD;
      Creating DbCommand for 'ExecuteReader'.&#xD;
dbug: Microsoft.EntityFrameworkCore.Database.Command[20104]&#xD;
      Created DbCommand for 'ExecuteReader' (0ms).&#xD;
dbug: Microsoft.EntityFrameworkCore.Database.Command[20106]&#xD;
      Initialized DbCommand for 'ExecuteReader' (0ms).&#xD;
dbug: Microsoft.EntityFrameworkCore.Database.Command[20100]&#xD;
      Executing DbCommand [Parameters=[@normalizedUserName='?' (Size = 16)], CommandType='Text', CommandTimeout='30']&#xD;
      SELECT "a"."Id", "a"."AccessFailedCount", "a"."ConcurrencyStamp", "a"."CreatedAt", "a"."DisplayName", "a"."Email", "a"."EmailConfirmed", "a"."IsAdmin", "a"."LastLoginAt", "a"."LockoutEnabled", "a"."LockoutEnd", "a"."NormalizedEmail", "a"."NormalizedUserName", "a"."PasswordHash", "a"."PhoneNumber", "a"."PhoneNumberConfirmed", "a"."SecurityStamp", "a"."TwoFactorEnabled", "a"."UserName"&#xD;
      FROM "AspNetUsers" AS "a"&#xD;
      WHERE "a"."NormalizedUserName" = @normalizedUserName&#xD;
      LIMIT 1&#xD;
info: Microsoft.EntityFrameworkCore.Database.Command[20101]&#xD;
      Executed DbCommand (0ms) [Parameters=[@normalizedUserName='?' (Size = 16)], CommandType='Text', CommandTimeout='30']&#xD;
      SELECT "a"."Id", "a"."AccessFailedCount", "a"."ConcurrencyStamp", "a"."CreatedAt", "a"."DisplayName", "a"."Email", "a"."EmailConfirmed", "a"."IsAdmin", "a"."LastLoginAt", "a"."LockoutEnabled", "a"."LockoutEnd", "a"."NormalizedEmail", "a"."NormalizedUserName", "a"."PasswordHash", "a"."PhoneNumber", "a"."PhoneNumberConfirmed", "a"."SecurityStamp", "a"."TwoFactorEnabled", "a"."UserName"&#xD;
      FROM "AspNetUsers" AS "a"&#xD;
      WHERE "a"."NormalizedUserName" = @normalizedUserName&#xD;
      LIMIT 1&#xD;
dbug: Microsoft.EntityFrameworkCore.Database.Command[20301]&#xD;
      Closing data reader to 'main' on server 'C:\Users\jlelo\AppData\Local\Temp\poc-tests\c6291a70789d4596aab93adbd19a4a43\metadata.db'.&#xD;
dbug: Microsoft.EntityFrameworkCore.Database.Command[20300]&#xD;
      A data reader for 'main' on server 'C:\Users\jlelo\AppData\Local\Temp\poc-tests\c6291a70789d4596aab93adbd19a4a43\metadata.db' is being disposed after spending 0ms reading results.&#xD;
dbug: Microsoft.EntityFrameworkCore.Database.Connection[20002]&#xD;
      Closing connection to database 'main' on server 'C:\Users\jlelo\AppData\Local\Temp\poc-tests\c6291a70789d4596aab93adbd19a4a43\metadata.db'.&#xD;
dbug: Microsoft.EntityFrameworkCore.Database.Connection[20003]&#xD;
      Closed connection to database 'main' on server 'C:\Users\jlelo\AppData\Local\Temp\poc-tests\c6291a70789d4596aab93adbd19a4a43\metadata.db' (0ms).&#xD;
dbug: Microsoft.EntityFrameworkCore.ChangeTracking[10807]&#xD;
      An entity of type 'AppUser' tracked by 'AppDbContext' changed state from 'Unchanged' to 'Modified'. Consider using 'DbContextOptionsBuilder.EnableSensitiveDataLogging' to see key values.&#xD;
dbug: Microsoft.EntityFrameworkCore.Update[10004]&#xD;
      SaveChanges starting for 'AppDbContext'.&#xD;
dbug: Microsoft.EntityFrameworkCore.ChangeTracking[10800]&#xD;
      DetectChanges starting for 'AppDbContext'.&#xD;
dbug: Microsoft.EntityFrameworkCore.ChangeTracking[10801]&#xD;
      DetectChanges completed for 'AppDbContext'.&#xD;
dbug: Microsoft.EntityFrameworkCore.Database.Connection[20000]&#xD;
      Opening connection to database 'main' on server 'C:\Users\jlelo\AppData\Local\Temp\poc-tests\c6291a70789d4596aab93adbd19a4a43\metadata.db'.&#xD;
dbug: Microsoft.EntityFrameworkCore.Database.Connection[20001]&#xD;
      Opened connection to database 'main' on server 'C:\Users\jlelo\AppData\Local\Temp\poc-tests\c6291a70789d4596aab93adbd19a4a43\metadata.db'.&#xD;
dbug: Microsoft.EntityFrameworkCore.Database.Command[20103]&#xD;
      Creating DbCommand for 'ExecuteReader'.&#xD;
dbug: Microsoft.EntityFrameworkCore.Database.Command[20104]&#xD;
      Created DbCommand for 'ExecuteReader' (0ms).&#xD;
dbug: Microsoft.EntityFrameworkCore.Database.Command[20106]&#xD;
      Initialized DbCommand for 'ExecuteReader' (0ms).&#xD;
dbug: Microsoft.EntityFrameworkCore.Database.Command[20100]&#xD;
      Executing DbCommand [Parameters=[@p18='?' (Size = 36), @p0='?' (DbType = Int32), @p1='?' (Size = 36), @p19='?' (Size = 36), @p2='?' (DbType = DateTime), @p3='?' (Size = 10), @p4='?' (Size = 16), @p5='?' (DbType = Boolean), @p6='?' (DbType = Boolean), @p7='?' (DbType = DateTime), @p8='?' (DbType = Boolean), @p9='?' (DbType = DateTimeOffset), @p10='?' (Size = 16), @p11='?' (Size = 16), @p12='?' (Size = 84), @p13='?', @p14='?' (DbType = Boolean), @p15='?' (Size = 32), @p16='?' (DbType = Boolean), @p17='?' (Size = 16)], CommandType='Text', CommandTimeout='30']&#xD;
      UPDATE "AspNetUsers" SET "AccessFailedCount" = @p0, "ConcurrencyStamp" = @p1, "CreatedAt" = @p2, "DisplayName" = @p3, "Email" = @p4, "EmailConfirmed" = @p5, "IsAdmin" = @p6, "LastLoginAt" = @p7, "LockoutEnabled" = @p8, "LockoutEnd" = @p9, "NormalizedEmail" = @p10, "NormalizedUserName" = @p11, "PasswordHash" = @p12, "PhoneNumber" = @p13, "PhoneNumberConfirmed" = @p14, "SecurityStamp" = @p15, "TwoFactorEnabled" = @p16, "UserName" = @p17&#xD;
      WHERE "Id" = @p18 AND "ConcurrencyStamp" = @p19&#xD;
      RETURNING 1;&#xD;
info: Microsoft.EntityFrameworkCore.Database.Command[20101]&#xD;
      Executed DbCommand (0ms) [Parameters=[@p18='?' (Size = 36), @p0='?' (DbType = Int32), @p1='?' (Size = 36), @p19='?' (Size = 36), @p2='?' (DbType = DateTime), @p3='?' (Size = 10), @p4='?' (Size = 16), @p5='?' (DbType = Boolean), @p6='?' (DbType = Boolean), @p7='?' (DbType = DateTime), @p8='?' (DbType = Boolean), @p9='?' (DbType = DateTimeOffset), @p10='?' (Size = 16), @p11='?' (Size = 16), @p12='?' (Size = 84), @p13='?', @p14='?' (DbType = Boolean), @p15='?' (Size = 32), @p16='?' (DbType = Boolean), @p17='?' (Size = 16)], CommandType='Text', CommandTimeout='30']&#xD;
      UPDATE "AspNetUsers" SET "AccessFailedCount" = @p0, "ConcurrencyStamp" = @p1, "CreatedAt" = @p2, "DisplayName" = @p3, "Email" = @p4, "EmailConfirmed" = @p5, "IsAdmin" = @p6, "LastLoginAt" = @p7, "LockoutEnabled" = @p8, "LockoutEnd" = @p9, "NormalizedEmail" = @p10, "NormalizedUserName" = @p11, "PasswordHash" = @p12, "PhoneNumber" = @p13, "PhoneNumberConfirmed" = @p14, "SecurityStamp" = @p15, "TwoFactorEnabled" = @p16, "UserName" = @p17&#xD;
      WHERE "Id" = @p18 AND "ConcurrencyStamp" = @p19&#xD;
      RETURNING 1;&#xD;
dbug: Microsoft.EntityFrameworkCore.Database.Command[20301]&#xD;
      Closing data reader to 'main' on server 'C:\Users\jlelo\AppData\Local\Temp\poc-tests\c6291a70789d4596aab93adbd19a4a43\metadata.db'.&#xD;
dbug: Microsoft.EntityFrameworkCore.Database.Command[20300]&#xD;
      A data reader for 'main' on server 'C:\Users\jlelo\AppData\Local\Temp\poc-tests\c6291a70789d4596aab93adbd19a4a43\metadata.db' is being disposed after spending 1ms reading results.&#xD;
dbug: Microsoft.EntityFrameworkCore.Database.Connection[20002]&#xD;
      Closing connection to database 'main' on server 'C:\Users\jlelo\AppData\Local\Temp\poc-tests\c6291a70789d4596aab93adbd19a4a43\metadata.db'.&#xD;
dbug: Microsoft.EntityFrameworkCore.Database.Connection[20003]&#xD;
      Closed connection to database 'main' on server 'C:\Users\jlelo\AppData\Local\Temp\poc-tests\c6291a70789d4596aab93adbd19a4a43\metadata.db' (0ms).&#xD;
dbug: Microsoft.EntityFrameworkCore.ChangeTracking[10807]&#xD;
      An entity of type 'AppUser' tracked by 'AppDbContext' changed state from 'Modified' to 'Unchanged'. Consider using 'DbContextOptionsBuilder.EnableSensitiveDataLogging' to see key values.&#xD;
dbug: Microsoft.EntityFrameworkCore.Update[10005]&#xD;
      SaveChanges completed for 'AppDbContext' with 1 entities written to the database.&#xD;
dbug: Microsoft.EntityFrameworkCore.ChangeTracking[10806]&#xD;
      Context 'AppDbContext' started tracking 'RefreshToken' entity. Consider using 'DbContextOptionsBuilder.EnableSensitiveDataLogging' to see key values.&#xD;
dbug: Microsoft.EntityFrameworkCore.Update[10004]&#xD;
      SaveChanges starting for 'AppDbContext'.&#xD;
dbug: Microsoft.EntityFrameworkCore.ChangeTracking[10800]&#xD;
      DetectChanges starting for 'AppDbContext'.&#xD;
dbug: Microsoft.EntityFrameworkCore.ChangeTracking[10801]&#xD;
      DetectChanges completed for 'AppDbContext'.&#xD;
dbug: Microsoft.EntityFrameworkCore.Database.Connection[20000]&#xD;
      Opening connection to database 'main' on server 'C:\Users\jlelo\AppData\Local\Temp\poc-tests\c6291a70789d4596aab93adbd19a4a43\metadata.db'.&#xD;
dbug: Microsoft.EntityFrameworkCore.Database.Connection[20001]&#xD;
      Opened connection to database 'main' on server 'C:\Users\jlelo\AppData\Local\Temp\poc-tests\c6291a70789d4596aab93adbd19a4a43\metadata.db'.&#xD;
dbug: Microsoft.EntityFrameworkCore.Database.Command[20103]&#xD;
      Creating DbCommand for 'ExecuteReader'.&#xD;
dbug: Microsoft.EntityFrameworkCore.Database.Command[20104]&#xD;
      Created DbCommand for 'ExecuteReader' (0ms).&#xD;
dbug: Microsoft.EntityFrameworkCore.Database.Command[20106]&#xD;
      Initialized DbCommand for 'ExecuteReader' (0ms).&#xD;
dbug: Microsoft.EntityFrameworkCore.Database.Command[20100]&#xD;
      Executing DbCommand [Parameters=[@p0='?' (Size = 36), @p1='?' (Size = 7), @p2='?' (DbType = DateTime), @p3='?' (DbType = DateTime), @p4='?', @p5='?' (DbType = DateTime), @p6='?' (Size = 44), @p7='?' (Size = 36)], CommandType='Text', CommandTimeout='30']&#xD;
      INSERT INTO "RefreshTokens" ("Id", "ClientIp", "CreatedAt", "ExpiresAt", "ReplacedByToken", "RevokedAt", "Token", "UserId")&#xD;
      VALUES (@p0, @p1, @p2, @p3, @p4, @p5, @p6, @p7);&#xD;
info: Microsoft.EntityFrameworkCore.Database.Command[20101]&#xD;
      Executed DbCommand (1ms) [Parameters=[@p0='?' (Size = 36), @p1='?' (Size = 7), @p2='?' (DbType = DateTime), @p3='?' (DbType = DateTime), @p4='?', @p5='?' (DbType = DateTime), @p6='?' (Size = 44), @p7='?' (Size = 36)], CommandType='Text', CommandTimeout='30']&#xD;
      INSERT INTO "RefreshTokens" ("Id", "ClientIp", "CreatedAt", "ExpiresAt", "ReplacedByToken", "RevokedAt", "Token", "UserId")&#xD;
      VALUES (@p0, @p1, @p2, @p3, @p4, @p5, @p6, @p7);&#xD;
dbug: Microsoft.EntityFrameworkCore.Database.Command[20301]&#xD;
      Closing data reader to 'main' on server 'C:\Users\jlelo\AppData\Local\Temp\poc-tests\c6291a70789d4596aab93adbd19a4a43\metadata.db'.&#xD;
dbug: Microsoft.EntityFrameworkCore.Database.Command[20300]&#xD;
      A data reader for 'main' on server 'C:\Users\jlelo\AppData\Local\Temp\poc-tests\c6291a70789d4596aab93adbd19a4a43\metadata.db' is being disposed after spending 0ms reading results.&#xD;
dbug: Microsoft.EntityFrameworkCore.Database.Connection[20002]&#xD;
      Closing connection to database 'main' on server 'C:\Users\jlelo\AppData\Local\Temp\poc-tests\c6291a70789d4596aab93adbd19a4a43\metadata.db'.&#xD;
dbug: Microsoft.EntityFrameworkCore.Database.Connection[20003]&#xD;
      Closed connection to database 'main' on server 'C:\Users\jlelo\AppData\Local\Temp\poc-tests\c6291a70789d4596aab93adbd19a4a43\metadata.db' (0ms).&#xD;
dbug: Microsoft.EntityFrameworkCore.ChangeTracking[10807]&#xD;
      An entity of type 'RefreshToken' tracked by 'AppDbContext' changed state from 'Added' to 'Unchanged'. Consider using 'DbContextOptionsBuilder.EnableSensitiveDataLogging' to see key values.&#xD;
dbug: Microsoft.EntityFrameworkCore.Update[10005]&#xD;
      SaveChanges completed for 'AppDbContext' with 1 entities written to the database.&#xD;
info: Microsoft.AspNetCore.Mvc.Infrastructure.ControllerActionInvoker[103]&#xD;
      Executed action method PocCollabEditor.Server.Controllers.AuthController.Login (PocCollabEditor.Server), returned result Microsoft.AspNetCore.Mvc.OkObjectResult in 109.1161ms.&#xD;
info: Microsoft.AspNetCore.Mvc.Infrastructure.ObjectResultExecutor[1]&#xD;
      Executing OkObjectResult, writing value of type 'PocCollabEditor.Application.Auth.DTOs.AuthResponse'.&#xD;
info: Microsoft.AspNetCore.Mvc.Infrastructure.ControllerActionInvoker[105]&#xD;
      Executed action PocCollabEditor.Server.Controllers.AuthController.Login (PocCollabEditor.Server) in 144.8513ms&#xD;
info: Microsoft.AspNetCore.Routing.EndpointMiddleware[1]&#xD;
      Executed endpoint 'PocCollabEditor.Server.Controllers.AuthController.Login (PocCollabEditor.Server)'&#xD;
dbug: Microsoft.EntityFrameworkCore.Infrastructure[10407]&#xD;
      'AppDbContext' disposed.&#xD;
dbug: Microsoft.EntityFrameworkCore.Database.Connection[20007]&#xD;
      Disposing connection to database 'main' on server 'C:\Users\jlelo\AppData\Local\Temp\poc-tests\c6291a70789d4596aab93adbd19a4a43\metadata.db'.&#xD;
dbug: Microsoft.EntityFrameworkCore.Database.Connection[20008]&#xD;
      Disposed connection to database 'main' on server 'C:\Users\jlelo\AppData\Local\Temp\poc-tests\c6291a70789d4596aab93adbd19a4a43\metadata.db' (0ms).&#xD;
info: Microsoft.AspNetCore.Hosting.Diagnostics[2]&#xD;
      Request finished HTTP/1.1 POST http://localhost/api/v1/auth/login - 200 - application/json;+charset=utf-8 209.3362ms&#xD;
info: Microsoft.AspNetCore.Hosting.Diagnostics[1]&#xD;
      Request starting HTTP/1.1 GET http://localhost/api/v1/admin/users - - -&#xD;
info: Microsoft.AspNetCore.Authentication.JwtBearer.JwtBearerHandler[1]&#xD;
      Failed to validate the token.&#xD;
      Microsoft.IdentityModel.Tokens.SecurityTokenSignatureKeyNotFoundException: IDX10517: Signature validation failed. The token's kid is missing. Keys tried: 'Microsoft.IdentityModel.Tokens.SymmetricSecurityKey, KeyId: '', InternalId: '4Aj_A_H7ewtRynF6opGoTCVOCJMboQilXVSmvZqy_bs'. , KeyId: \r\n'.&#xD;
Number of keys in TokenValidationParameters: '1'. &#xD;
Number of keys in Configuration: '0'.&#xD;
Exceptions caught:&#xD;
 ''.&#xD;
token: '[Security Artifact of type 'Microsoft.IdentityModel.JsonWebTokens.JsonWebToken' is hidden. For more details, see https://aka.ms/IdentityModel/SecurityArtifactLogging.]'. See https://aka.ms/IDX10503 for details.&#xD;
         at Microsoft.IdentityModel.JsonWebTokens.JsonWebTokenHandler.ValidateSignature(JsonWebToken jwtToken, TokenValidationParameters validationParameters, BaseConfiguration configuration)&#xD;
         at Microsoft.IdentityModel.JsonWebTokens.JsonWebTokenHandler.ValidateSignatureAndIssuerSecurityKey(JsonWebToken jsonWebToken, TokenValidationParameters validationParameters, BaseConfiguration configuration)&#xD;
         at Microsoft.IdentityModel.JsonWebTokens.JsonWebTokenHandler.ValidateJWSAsync(JsonWebToken jsonWebToken, TokenValidationParameters validationParameters, BaseConfiguration configuration)&#xD;
info: Microsoft.AspNetCore.Authentication.JwtBearer.JwtBearerHandler[7]&#xD;
      Bearer was not authenticated. Failure message: IDX10517: Signature validation failed. The token's kid is missing. Keys tried: 'Microsoft.IdentityModel.Tokens.SymmetricSecurityKey, KeyId: '', InternalId: '4Aj_A_H7ewtRynF6opGoTCVOCJMboQilXVSmvZqy_bs'. , KeyId: \r\n'.&#xD;
Number of keys in TokenValidationParameters: '1'. &#xD;
Number of keys in Configuration: '0'.&#xD;
Exceptions caught:&#xD;
 ''.&#xD;
token: '[Security Artifact of type 'Microsoft.IdentityModel.JsonWebTokens.JsonWebToken' is hidden. For more details, see https://aka.ms/IdentityModel/SecurityArtifactLogging.]'. See https://aka.ms/IDX10503 for details.&#xD;
info: Microsoft.AspNetCore.Authorization.DefaultAuthorizationService[2]&#xD;
      Authorization failed. These requirements were not met:&#xD;
      ClaimsAuthorizationRequirement:Claim.Type=is_admin and Claim.Value is one of the following values: (true)&#xD;
info: Microsoft.AspNetCore.Authentication.JwtBearer.JwtBearerHandler[12]&#xD;
      AuthenticationScheme: Bearer was challenged.&#xD;
info: Microsoft.AspNetCore.Hosting.Diagnostics[2]&#xD;
      Request finished HTTP/1.1 GET http://localhost/api/v1/admin/users - 401 - - 27.3153ms&#xD;
     Warning:&#xD;
     The component "Fluent Assertions" is governed by the rules defined in the Xceed License Agreement and&#xD;
     the Xceed Fluent Assertions Community License. You may use Fluent Assertions free of charge for&#xD;
     non-commercial use only. An active subscription is required to use Fluent Assertions for commercial use.&#xD;
     Please contact Xceed Sales mailto:sales@xceed.com to acquire a subscription at a very low cost.&#xD;
     A paid commercial license supports the development and continued increasing support of&#xD;
     Fluent Assertions users under both commercial and community licenses. Help us&#xD;
     keep Fluent Assertions at the forefront of unit testing.&#xD;
     For more information, visit https://xceed.com/products/unit-testing/fluent-assertions/&#xD;
[xUnit.net 00:00:02.03]       Expected response.StatusCode to be HttpStatusCode.OK {value: 200}, but found HttpStatusCode.Unauthorized {value: 401}.&#xD;
[xUnit.net 00:00:02.03]       Stack Trace:&#xD;
dbug: Microsoft.Extensions.Hosting.Internal.Host[3]&#xD;
      Hosting stopping&#xD;
info: Microsoft.Hosting.Lifetime[0]&#xD;
      Application is shutting down...&#xD;
[xUnit.net 00:00:02.03]            at FluentAssertions.Execution.LateBoundTestFramework.Throw(String message)&#xD;
[xUnit.net 00:00:02.03]            at FluentAssertions.Execution.DefaultAssertionStrategy.HandleFailure(String message)&#xD;
[xUnit.net 00:00:02.03]            at FluentAssertions.Execution.AssertionScope.AddPreFormattedFailure(String formattedFailureMessage)&#xD;
[xUnit.net 00:00:02.03]            at FluentAssertions.Execution.AssertionChain.FailWith(Func`1 getFailureReason)&#xD;
[xUnit.net 00:00:02.03]            at FluentAssertions.Execution.AssertionChain.FailWith(Func`1 getFailureReason)&#xD;
[xUnit.net 00:00:02.03]            at FluentAssertions.Execution.AssertionChain.FailWith(String message, Object[] args)&#xD;
[xUnit.net 00:00:02.03]            at FluentAssertions.Primitives.EnumAssertions`2.Be(TEnum expected, String because, Object[] becauseArgs)&#xD;
dbug: Microsoft.Extensions.Hosting.Internal.Host[3]&#xD;
      Hosting stopping&#xD;
[xUnit.net 00:00:02.03]         C:\Users\jlelo\Downloads\poc_obsidian\tests\Server.Integration.Tests\Auth\AdminApiTests.cs(58,0): at PocCollabEditor.Server.Integration.Tests.Auth.AdminApiTests.GET_admin_users_WithAdminToken_Returns200WithUserList()&#xD;
[xUnit.net 00:00:02.03]         --- End of stack trace from previous location ---&#xD;
dbug: Microsoft.Extensions.Hosting.Internal.Host[4]&#xD;
      Hosting stopped&#xD;
dbug: Microsoft.Extensions.Hosting.Internal.Host[4]&#xD;
      Hosting stopped&#xD;
[xUnit.net 00:00:02.26]   Finished:    Server.Integration.Tests&#xD;
</StdOut>
    </Output>
    <RunInfos>
      <RunInfo computerName="PC-FIXE-JEAN" outcome="Error" timestamp="2026-03-05T09:05:30.8126970+01:00">
        <Text>[xUnit.net 00:00:02.03]     PocCollabEditor.Server.Integration.Tests.Auth.AdminApiTests.GET_admin_users_WithAdminToken_Returns200WithUserList [FAIL]</Text>
      </RunInfo>
    </RunInfos>
  </ResultSummary>
</TestRun>